Mon Mar 27 11:39:03 2023       
+---------------------------------------------------------------------------------------+
| NVIDIA-SMI 530.30.02              Driver Version: 530.30.02    CUDA Version: 12.1     |
|-----------------------------------------+----------------------+----------------------+
| GPU  Name                  Persistence-M| Bus-Id        Disp.A | Volatile Uncorr. ECC |
| Fan  Temp  Perf            Pwr:Usage/Cap|         Memory-Usage | GPU-Util  Compute M. |
|                                         |                      |               MIG M. |
|=========================================+======================+======================|
|   0  Tesla V100-PCIE-32GB            On | 00000000:58:00.0 Off |                    0 |
| N/A   50C    P0               29W / 250W|      0MiB / 32768MiB |      0%   E. Process |
|                                         |                      |                  N/A |
+-----------------------------------------+----------------------+----------------------+
                                                                                         
+---------------------------------------------------------------------------------------+
| Processes:                                                                            |
|  GPU   GI   CI        PID   Type   Process name                            GPU Memory |
|        ID   ID                                                             Usage      |
|=======================================================================================|
|  No running processes found                                                           |
+---------------------------------------------------------------------------------------+

Pre-evaluation on Eval:

{'eval_loss': 30.970943450927734, 'eval_BLEU_1': 0.00034897455170192204, 'eval_BLEU_2': 5.5941001173260326e-05, 'eval_BLEU_3': 0.0, 'eval_BLEU_4': 0.0, 'eval_ROUGE': 0.0026577711224593094, 'eval_runtime': 1465.5687, 'eval_samples_per_second': 0.354, 'eval_steps_per_second': 0.044}

Strating Training:

{'loss': 6.4775, 'learning_rate': 9.916666666666668e-06, 'epoch': 1.0}
{'eval_loss': 4.995121955871582, 'eval_BLEU_1': 0.26111200366508763, 'eval_BLEU_2': 0.17427887298652736, 'eval_BLEU_3': 0.12631927960023076, 'eval_BLEU_4': 0.09909621388659956, 'eval_ROUGE': 0.3517033077776208, 'eval_runtime': 47.4333, 'eval_samples_per_second': 10.942, 'eval_steps_per_second': 1.37, 'epoch': 1.0}
{'loss': 4.9156, 'learning_rate': 9.833333333333333e-06, 'epoch': 2.0}
{'eval_loss': 4.4082841873168945, 'eval_BLEU_1': 0.31116060754931085, 'eval_BLEU_2': 0.22973253047009776, 'eval_BLEU_3': 0.17809724452859915, 'eval_BLEU_4': 0.14540492285086734, 'eval_ROUGE': 0.40262544854913634, 'eval_runtime': 49.4096, 'eval_samples_per_second': 10.504, 'eval_steps_per_second': 1.316, 'epoch': 2.0}
{'loss': 4.4472, 'learning_rate': 9.75e-06, 'epoch': 3.0}
{'eval_loss': 4.169388294219971, 'eval_BLEU_1': 0.3381894364131748, 'eval_BLEU_2': 0.2520364107771288, 'eval_BLEU_3': 0.19644351894642942, 'eval_BLEU_4': 0.16071828202436106, 'eval_ROUGE': 0.4421552196293714, 'eval_runtime': 113.0208, 'eval_samples_per_second': 4.592, 'eval_steps_per_second': 0.575, 'epoch': 3.0}
{'loss': 4.1963, 'learning_rate': 9.666666666666667e-06, 'epoch': 4.0}
{'eval_loss': 4.004377841949463, 'eval_BLEU_1': 0.38584308723763316, 'eval_BLEU_2': 0.2890863552516978, 'eval_BLEU_3': 0.22691476669609228, 'eval_BLEU_4': 0.18618725306608314, 'eval_ROUGE': 0.46198482819315256, 'eval_runtime': 51.468, 'eval_samples_per_second': 10.084, 'eval_steps_per_second': 1.263, 'epoch': 4.0}
{'loss': 4.0254, 'learning_rate': 9.583333333333335e-06, 'epoch': 5.0}
{'eval_loss': 3.912141799926758, 'eval_BLEU_1': 0.3863994723683869, 'eval_BLEU_2': 0.294486439842668, 'eval_BLEU_3': 0.2347734194834059, 'eval_BLEU_4': 0.1950237669253339, 'eval_ROUGE': 0.477724255236369, 'eval_runtime': 50.0738, 'eval_samples_per_second': 10.365, 'eval_steps_per_second': 1.298, 'epoch': 5.0}
{'loss': 3.8888, 'learning_rate': 9.5e-06, 'epoch': 6.0}
{'eval_loss': 3.840039014816284, 'eval_BLEU_1': 0.4017094426036082, 'eval_BLEU_2': 0.3038090526205713, 'eval_BLEU_3': 0.24118932252495193, 'eval_BLEU_4': 0.1994282755232654, 'eval_ROUGE': 0.47697434180392273, 'eval_runtime': 52.5793, 'eval_samples_per_second': 9.871, 'eval_steps_per_second': 1.236, 'epoch': 6.0}
{'loss': 3.7796, 'learning_rate': 9.416666666666667e-06, 'epoch': 7.0}
{'eval_loss': 3.8247358798980713, 'eval_BLEU_1': 0.4036281044961325, 'eval_BLEU_2': 0.30875602344344977, 'eval_BLEU_3': 0.2477822867463998, 'eval_BLEU_4': 0.20617891163453866, 'eval_ROUGE': 0.48492500519362414, 'eval_runtime': 51.2085, 'eval_samples_per_second': 10.135, 'eval_steps_per_second': 1.269, 'epoch': 7.0}
{'loss': 3.6807, 'learning_rate': 9.333333333333334e-06, 'epoch': 8.0}
{'eval_loss': 3.7924630641937256, 'eval_BLEU_1': 0.4100216760834884, 'eval_BLEU_2': 0.31523557279615755, 'eval_BLEU_3': 0.25199783370947987, 'eval_BLEU_4': 0.20890761971148716, 'eval_ROUGE': 0.4967177553379505, 'eval_runtime': 51.9279, 'eval_samples_per_second': 9.995, 'eval_steps_per_second': 1.252, 'epoch': 8.0}
{'loss': 3.5966, 'learning_rate': 9.250000000000001e-06, 'epoch': 9.0}
{'eval_loss': 3.7279741764068604, 'eval_BLEU_1': 0.4188897729969983, 'eval_BLEU_2': 0.32141621285277944, 'eval_BLEU_3': 0.25751240386278856, 'eval_BLEU_4': 0.21373518859956672, 'eval_ROUGE': 0.4967015400579965, 'eval_runtime': 115.2634, 'eval_samples_per_second': 4.503, 'eval_steps_per_second': 0.564, 'epoch': 9.0}
{'loss': 3.5147, 'learning_rate': 9.166666666666666e-06, 'epoch': 10.0}
{'eval_loss': 3.734898805618286, 'eval_BLEU_1': 0.4300712320849144, 'eval_BLEU_2': 0.3323728612984932, 'eval_BLEU_3': 0.2666985832473073, 'eval_BLEU_4': 0.22189894248415729, 'eval_ROUGE': 0.4974655112051898, 'eval_runtime': 52.605, 'eval_samples_per_second': 9.866, 'eval_steps_per_second': 1.236, 'epoch': 10.0}
{'loss': 3.4452, 'learning_rate': 9.083333333333333e-06, 'epoch': 11.0}
{'eval_loss': 3.7235372066497803, 'eval_BLEU_1': 0.4312514729205837, 'eval_BLEU_2': 0.3321789063306877, 'eval_BLEU_3': 0.2654031673391449, 'eval_BLEU_4': 0.21980518888426834, 'eval_ROUGE': 0.49906905289091974, 'eval_runtime': 52.1695, 'eval_samples_per_second': 9.948, 'eval_steps_per_second': 1.246, 'epoch': 11.0}
{'loss': 3.3756, 'learning_rate': 9e-06, 'epoch': 12.0}
{'eval_loss': 3.702045440673828, 'eval_BLEU_1': 0.45546878239422, 'eval_BLEU_2': 0.3513657520774661, 'eval_BLEU_3': 0.2820040294526432, 'eval_BLEU_4': 0.23412055909974733, 'eval_ROUGE': 0.5169943309454217, 'eval_runtime': 53.442, 'eval_samples_per_second': 9.711, 'eval_steps_per_second': 1.216, 'epoch': 12.0}
{'loss': 3.3105, 'learning_rate': 8.916666666666667e-06, 'epoch': 13.0}
{'eval_loss': 3.7176480293273926, 'eval_BLEU_1': 0.4374768780348613, 'eval_BLEU_2': 0.33655187667317943, 'eval_BLEU_3': 0.2695554942966343, 'eval_BLEU_4': 0.22334230111477252, 'eval_ROUGE': 0.5033012154079969, 'eval_runtime': 53.1183, 'eval_samples_per_second': 9.771, 'eval_steps_per_second': 1.224, 'epoch': 13.0}
{'loss': 3.2484, 'learning_rate': 8.833333333333334e-06, 'epoch': 14.0}
{'eval_loss': 3.7185375690460205, 'eval_BLEU_1': 0.4615175387292574, 'eval_BLEU_2': 0.35277457195793455, 'eval_BLEU_3': 0.2818569091478956, 'eval_BLEU_4': 0.23304014655099467, 'eval_ROUGE': 0.5110520599520197, 'eval_runtime': 53.8413, 'eval_samples_per_second': 9.639, 'eval_steps_per_second': 1.207, 'epoch': 14.0}
{'loss': 3.1918, 'learning_rate': 8.750000000000001e-06, 'epoch': 15.0}
{'eval_loss': 3.690979480743408, 'eval_BLEU_1': 0.4639176679312438, 'eval_BLEU_2': 0.3565512053533696, 'eval_BLEU_3': 0.2850938259785025, 'eval_BLEU_4': 0.23541761916637638, 'eval_ROUGE': 0.5183455586750432, 'eval_runtime': 53.5436, 'eval_samples_per_second': 9.693, 'eval_steps_per_second': 1.214, 'epoch': 15.0}
{'loss': 3.1404, 'learning_rate': 8.666666666666668e-06, 'epoch': 16.0}
{'eval_loss': 3.7231874465942383, 'eval_BLEU_1': 0.4645275510425493, 'eval_BLEU_2': 0.3575984625883036, 'eval_BLEU_3': 0.2869366297972742, 'eval_BLEU_4': 0.23802145630345964, 'eval_ROUGE': 0.5103879279920776, 'eval_runtime': 55.0028, 'eval_samples_per_second': 9.436, 'eval_steps_per_second': 1.182, 'epoch': 16.0}
{'loss': 3.0895, 'learning_rate': 8.583333333333333e-06, 'epoch': 17.0}
{'eval_loss': 3.712667226791382, 'eval_BLEU_1': 0.4567154720278784, 'eval_BLEU_2': 0.3533982721162631, 'eval_BLEU_3': 0.283579631739488, 'eval_BLEU_4': 0.23554894537396714, 'eval_ROUGE': 0.5143579719317889, 'eval_runtime': 53.3707, 'eval_samples_per_second': 9.724, 'eval_steps_per_second': 1.218, 'epoch': 17.0}
{'loss': 3.0413, 'learning_rate': 8.5e-06, 'epoch': 18.0}
{'eval_loss': 3.7234854698181152, 'eval_BLEU_1': 0.45821097980892744, 'eval_BLEU_2': 0.3532160452759186, 'eval_BLEU_3': 0.284313401468818, 'eval_BLEU_4': 0.2361135609830123, 'eval_ROUGE': 0.5170642861771557, 'eval_runtime': 53.4424, 'eval_samples_per_second': 9.711, 'eval_steps_per_second': 1.216, 'epoch': 18.0}
{'loss': 2.9963, 'learning_rate': 8.416666666666667e-06, 'epoch': 19.0}
{'eval_loss': 3.75199556350708, 'eval_BLEU_1': 0.453039467634525, 'eval_BLEU_2': 0.3486258530996992, 'eval_BLEU_3': 0.2790456654826052, 'eval_BLEU_4': 0.22997394096292673, 'eval_ROUGE': 0.5073071761973764, 'eval_runtime': 54.1677, 'eval_samples_per_second': 9.581, 'eval_steps_per_second': 1.2, 'epoch': 19.0}
{'loss': 2.9554, 'learning_rate': 8.333333333333334e-06, 'epoch': 20.0}
{'eval_loss': 3.7300498485565186, 'eval_BLEU_1': 0.45657639350645707, 'eval_BLEU_2': 0.3527938782487523, 'eval_BLEU_3': 0.28401079623879155, 'eval_BLEU_4': 0.23684495037909992, 'eval_ROUGE': 0.5038491839339357, 'eval_runtime': 54.5277, 'eval_samples_per_second': 9.518, 'eval_steps_per_second': 1.192, 'epoch': 20.0}
{'loss': 2.9166, 'learning_rate': 8.25e-06, 'epoch': 21.0}
{'eval_loss': 3.74623966217041, 'eval_BLEU_1': 0.4517252224006511, 'eval_BLEU_2': 0.3480758733577629, 'eval_BLEU_3': 0.2785917044166853, 'eval_BLEU_4': 0.23078910999778077, 'eval_ROUGE': 0.5058312052799221, 'eval_runtime': 54.0474, 'eval_samples_per_second': 9.603, 'eval_steps_per_second': 1.203, 'epoch': 21.0}
{'loss': 2.8794, 'learning_rate': 8.166666666666668e-06, 'epoch': 22.0}
{'eval_loss': 3.7463443279266357, 'eval_BLEU_1': 0.4588170797974734, 'eval_BLEU_2': 0.35785288506577734, 'eval_BLEU_3': 0.29019113372439637, 'eval_BLEU_4': 0.2415748319789139, 'eval_ROUGE': 0.5155494053263624, 'eval_runtime': 54.7147, 'eval_samples_per_second': 9.486, 'eval_steps_per_second': 1.188, 'epoch': 22.0}
{'loss': 2.8474, 'learning_rate': 8.083333333333334e-06, 'epoch': 23.0}
{'eval_loss': 3.766460657119751, 'eval_BLEU_1': 0.45157000034159084, 'eval_BLEU_2': 0.34502481190728407, 'eval_BLEU_3': 0.27533059934292414, 'eval_BLEU_4': 0.22724158724472726, 'eval_ROUGE': 0.49973576840994216, 'eval_runtime': 55.8689, 'eval_samples_per_second': 9.29, 'eval_steps_per_second': 1.163, 'epoch': 23.0}
{'loss': 2.8163, 'learning_rate': 8.000000000000001e-06, 'epoch': 24.0}
{'eval_loss': 3.7708370685577393, 'eval_BLEU_1': 0.46373711629582187, 'eval_BLEU_2': 0.3546014555050722, 'eval_BLEU_3': 0.28279690551334724, 'eval_BLEU_4': 0.23408228355825317, 'eval_ROUGE': 0.5167279577130415, 'eval_runtime': 54.0047, 'eval_samples_per_second': 9.61, 'eval_steps_per_second': 1.204, 'epoch': 24.0}
{'loss': 2.7877, 'learning_rate': 7.916666666666667e-06, 'epoch': 25.0}
{'eval_loss': 3.776394844055176, 'eval_BLEU_1': 0.45704517435471703, 'eval_BLEU_2': 0.3516466723251411, 'eval_BLEU_3': 0.2826471911958774, 'eval_BLEU_4': 0.23409802706898017, 'eval_ROUGE': 0.5127266790565264, 'eval_runtime': 53.7294, 'eval_samples_per_second': 9.66, 'eval_steps_per_second': 1.21, 'epoch': 25.0}
{'loss': 2.7632, 'learning_rate': 7.833333333333333e-06, 'epoch': 26.0}
{'eval_loss': 3.7703540325164795, 'eval_BLEU_1': 0.47000909266473717, 'eval_BLEU_2': 0.36085282876768204, 'eval_BLEU_3': 0.2897549109571027, 'eval_BLEU_4': 0.23947800146150036, 'eval_ROUGE': 0.5180375546968521, 'eval_runtime': 54.6428, 'eval_samples_per_second': 9.498, 'eval_steps_per_second': 1.19, 'epoch': 26.0}
{'loss': 2.7394, 'learning_rate': 7.75e-06, 'epoch': 27.0}
{'eval_loss': 3.7739901542663574, 'eval_BLEU_1': 0.45641631597539856, 'eval_BLEU_2': 0.3483785574583424, 'eval_BLEU_3': 0.27796843109161246, 'eval_BLEU_4': 0.2291140553371539, 'eval_ROUGE': 0.5007853689500263, 'eval_runtime': 54.6382, 'eval_samples_per_second': 9.499, 'eval_steps_per_second': 1.19, 'epoch': 27.0}
{'loss': 2.7158, 'learning_rate': 7.666666666666667e-06, 'epoch': 28.0}
{'eval_loss': 3.7771003246307373, 'eval_BLEU_1': 0.4629808946741528, 'eval_BLEU_2': 0.3554679408579775, 'eval_BLEU_3': 0.2855851903337532, 'eval_BLEU_4': 0.23728989490768626, 'eval_ROUGE': 0.5136445845678936, 'eval_runtime': 54.2485, 'eval_samples_per_second': 9.567, 'eval_steps_per_second': 1.198, 'epoch': 28.0}
{'loss': 2.6947, 'learning_rate': 7.583333333333333e-06, 'epoch': 29.0}
{'eval_loss': 3.7751362323760986, 'eval_BLEU_1': 0.46569452549618756, 'eval_BLEU_2': 0.35743842867969194, 'eval_BLEU_3': 0.28746442634737485, 'eval_BLEU_4': 0.23949448080634653, 'eval_ROUGE': 0.51311388636327, 'eval_runtime': 56.4985, 'eval_samples_per_second': 9.186, 'eval_steps_per_second': 1.15, 'epoch': 29.0}
{'loss': 2.6749, 'learning_rate': 7.500000000000001e-06, 'epoch': 30.0}
{'eval_loss': 3.7868075370788574, 'eval_BLEU_1': 0.4565793635729247, 'eval_BLEU_2': 0.3523026388899193, 'eval_BLEU_3': 0.2834779685212022, 'eval_BLEU_4': 0.2356445526250108, 'eval_ROUGE': 0.5057380797404483, 'eval_runtime': 55.3558, 'eval_samples_per_second': 9.376, 'eval_steps_per_second': 1.174, 'epoch': 30.0}
{'loss': 2.6562, 'learning_rate': 7.416666666666668e-06, 'epoch': 31.0}
{'eval_loss': 3.7925238609313965, 'eval_BLEU_1': 0.45924322662568723, 'eval_BLEU_2': 0.3531681603839127, 'eval_BLEU_3': 0.2824982767806259, 'eval_BLEU_4': 0.23348415427008928, 'eval_ROUGE': 0.5089719335396263, 'eval_runtime': 53.9102, 'eval_samples_per_second': 9.627, 'eval_steps_per_second': 1.206, 'epoch': 31.0}
{'loss': 2.6405, 'learning_rate': 7.333333333333333e-06, 'epoch': 32.0}
{'eval_loss': 3.797743797302246, 'eval_BLEU_1': 0.46608919673042215, 'eval_BLEU_2': 0.357713054042521, 'eval_BLEU_3': 0.2873917578515036, 'eval_BLEU_4': 0.2384519756055027, 'eval_ROUGE': 0.5113200289845747, 'eval_runtime': 55.9554, 'eval_samples_per_second': 9.275, 'eval_steps_per_second': 1.162, 'epoch': 32.0}
{'loss': 2.6253, 'learning_rate': 7.25e-06, 'epoch': 33.0}
{'eval_loss': 3.774911880493164, 'eval_BLEU_1': 0.4672953414221783, 'eval_BLEU_2': 0.3574398573136596, 'eval_BLEU_3': 0.28553055457866633, 'eval_BLEU_4': 0.23697793958556435, 'eval_ROUGE': 0.5136480043082134, 'eval_runtime': 54.0793, 'eval_samples_per_second': 9.597, 'eval_steps_per_second': 1.202, 'epoch': 33.0}
{'loss': 2.6095, 'learning_rate': 7.166666666666667e-06, 'epoch': 34.0}
{'eval_loss': 3.803053379058838, 'eval_BLEU_1': 0.4628082760471579, 'eval_BLEU_2': 0.3536325826630673, 'eval_BLEU_3': 0.28369897545437595, 'eval_BLEU_4': 0.23595019568456763, 'eval_ROUGE': 0.5105954110351282, 'eval_runtime': 55.5691, 'eval_samples_per_second': 9.34, 'eval_steps_per_second': 1.17, 'epoch': 34.0}
{'loss': 2.5959, 'learning_rate': 7.083333333333335e-06, 'epoch': 35.0}
{'eval_loss': 3.7883617877960205, 'eval_BLEU_1': 0.46403748659121563, 'eval_BLEU_2': 0.35555263192868375, 'eval_BLEU_3': 0.2851925755844056, 'eval_BLEU_4': 0.23638710410677574, 'eval_ROUGE': 0.5098839821869552, 'eval_runtime': 54.3607, 'eval_samples_per_second': 9.547, 'eval_steps_per_second': 1.196, 'epoch': 35.0}
{'loss': 2.5846, 'learning_rate': 7e-06, 'epoch': 36.0}
{'eval_loss': 3.8042688369750977, 'eval_BLEU_1': 0.4616244166930013, 'eval_BLEU_2': 0.3521237821671783, 'eval_BLEU_3': 0.28218794462552566, 'eval_BLEU_4': 0.23462128768173648, 'eval_ROUGE': 0.5104828852519596, 'eval_runtime': 86.0493, 'eval_samples_per_second': 6.031, 'eval_steps_per_second': 0.755, 'epoch': 36.0}
{'loss': 2.5717, 'learning_rate': 6.916666666666667e-06, 'epoch': 37.0}
{'eval_loss': 3.782252788543701, 'eval_BLEU_1': 0.45386868560497595, 'eval_BLEU_2': 0.3474465393301132, 'eval_BLEU_3': 0.2787479534748936, 'eval_BLEU_4': 0.23138766939250835, 'eval_ROUGE': 0.5050712680793527, 'eval_runtime': 54.2262, 'eval_samples_per_second': 9.571, 'eval_steps_per_second': 1.199, 'epoch': 37.0}
{'loss': 2.5611, 'learning_rate': 6.833333333333334e-06, 'epoch': 38.0}
{'eval_loss': 3.783745050430298, 'eval_BLEU_1': 0.4597532193567291, 'eval_BLEU_2': 0.35309786609210503, 'eval_BLEU_3': 0.28402421487431984, 'eval_BLEU_4': 0.2363708150701675, 'eval_ROUGE': 0.5086793627737913, 'eval_runtime': 55.0526, 'eval_samples_per_second': 9.427, 'eval_steps_per_second': 1.181, 'epoch': 38.0}
{'loss': 2.5488, 'learning_rate': 6.750000000000001e-06, 'epoch': 39.0}
{'eval_loss': 3.7797470092773438, 'eval_BLEU_1': 0.45799589656957185, 'eval_BLEU_2': 0.35128171361237914, 'eval_BLEU_3': 0.282689915678668, 'eval_BLEU_4': 0.23503113201795361, 'eval_ROUGE': 0.5031769535985132, 'eval_runtime': 55.0569, 'eval_samples_per_second': 9.427, 'eval_steps_per_second': 1.181, 'epoch': 39.0}
{'loss': 2.54, 'learning_rate': 6.666666666666667e-06, 'epoch': 40.0}
{'eval_loss': 3.768244981765747, 'eval_BLEU_1': 0.4689552180745274, 'eval_BLEU_2': 0.35822167568744356, 'eval_BLEU_3': 0.2879008893660123, 'eval_BLEU_4': 0.23951649935961614, 'eval_ROUGE': 0.5126458518777491, 'eval_runtime': 54.7977, 'eval_samples_per_second': 9.471, 'eval_steps_per_second': 1.186, 'epoch': 40.0}
{'loss': 2.5304, 'learning_rate': 6.5833333333333335e-06, 'epoch': 41.0}
{'eval_loss': 3.774792194366455, 'eval_BLEU_1': 0.4657488735913362, 'eval_BLEU_2': 0.35715244271958574, 'eval_BLEU_3': 0.28675929058369515, 'eval_BLEU_4': 0.23861740949288487, 'eval_ROUGE': 0.5123160732867079, 'eval_runtime': 54.6885, 'eval_samples_per_second': 9.49, 'eval_steps_per_second': 1.189, 'epoch': 41.0}
{'loss': 2.5229, 'learning_rate': 6.5000000000000004e-06, 'epoch': 42.0}
{'eval_loss': 3.7822329998016357, 'eval_BLEU_1': 0.4643905720797215, 'eval_BLEU_2': 0.35302007154967846, 'eval_BLEU_3': 0.2820932047332033, 'eval_BLEU_4': 0.23412434215432568, 'eval_ROUGE': 0.512059933481235, 'eval_runtime': 54.9722, 'eval_samples_per_second': 9.441, 'eval_steps_per_second': 1.182, 'epoch': 42.0}
{'loss': 2.5127, 'learning_rate': 6.416666666666667e-06, 'epoch': 43.0}
{'eval_loss': 3.7943482398986816, 'eval_BLEU_1': 0.4640156244285302, 'eval_BLEU_2': 0.35438453813496784, 'eval_BLEU_3': 0.2834976634831912, 'eval_BLEU_4': 0.2346841505608314, 'eval_ROUGE': 0.5117885904394357, 'eval_runtime': 54.3309, 'eval_samples_per_second': 9.553, 'eval_steps_per_second': 1.196, 'epoch': 43.0}
{'loss': 2.506, 'learning_rate': 6.333333333333333e-06, 'epoch': 44.0}
{'eval_loss': 3.780524253845215, 'eval_BLEU_1': 0.46580671275882624, 'eval_BLEU_2': 0.3589771019328582, 'eval_BLEU_3': 0.2906883878729995, 'eval_BLEU_4': 0.24216975790125783, 'eval_ROUGE': 0.5110405460773039, 'eval_runtime': 55.2539, 'eval_samples_per_second': 9.393, 'eval_steps_per_second': 1.176, 'epoch': 44.0}
{'loss': 2.4974, 'learning_rate': 6.25e-06, 'epoch': 45.0}
{'eval_loss': 3.792945146560669, 'eval_BLEU_1': 0.46072979651331114, 'eval_BLEU_2': 0.3560728397920571, 'eval_BLEU_3': 0.2871904479905334, 'eval_BLEU_4': 0.23974365515837842, 'eval_ROUGE': 0.5129994119644021, 'eval_runtime': 54.1404, 'eval_samples_per_second': 9.586, 'eval_steps_per_second': 1.201, 'epoch': 45.0}
{'loss': 2.4896, 'learning_rate': 6.166666666666667e-06, 'epoch': 46.0}
{'eval_loss': 3.794532537460327, 'eval_BLEU_1': 0.4713150320581682, 'eval_BLEU_2': 0.36110751139294717, 'eval_BLEU_3': 0.2885529864636418, 'eval_BLEU_4': 0.23888544480482402, 'eval_ROUGE': 0.5111905995059717, 'eval_runtime': 56.0694, 'eval_samples_per_second': 9.256, 'eval_steps_per_second': 1.159, 'epoch': 46.0}
{'loss': 2.4836, 'learning_rate': 6.083333333333333e-06, 'epoch': 47.0}
{'eval_loss': 3.7919790744781494, 'eval_BLEU_1': 0.46175725384487337, 'eval_BLEU_2': 0.3537886296287913, 'eval_BLEU_3': 0.2836909555544895, 'eval_BLEU_4': 0.23434539771382168, 'eval_ROUGE': 0.5071006708102321, 'eval_runtime': 55.3827, 'eval_samples_per_second': 9.371, 'eval_steps_per_second': 1.174, 'epoch': 47.0}
{'loss': 2.4773, 'learning_rate': 6e-06, 'epoch': 48.0}
{'eval_loss': 3.7727363109588623, 'eval_BLEU_1': 0.4626767453678556, 'eval_BLEU_2': 0.35433378053772574, 'eval_BLEU_3': 0.2853845844205458, 'eval_BLEU_4': 0.23819418856925512, 'eval_ROUGE': 0.5086845794650637, 'eval_runtime': 55.0151, 'eval_samples_per_second': 9.434, 'eval_steps_per_second': 1.181, 'epoch': 48.0}
{'loss': 2.4714, 'learning_rate': 5.916666666666667e-06, 'epoch': 49.0}
{'eval_loss': 3.772831678390503, 'eval_BLEU_1': 0.46588370453549666, 'eval_BLEU_2': 0.35639332958498215, 'eval_BLEU_3': 0.28448397234208106, 'eval_BLEU_4': 0.23524849331527342, 'eval_ROUGE': 0.5120420866406967, 'eval_runtime': 54.8541, 'eval_samples_per_second': 9.461, 'eval_steps_per_second': 1.185, 'epoch': 49.0}
{'loss': 2.4657, 'learning_rate': 5.833333333333334e-06, 'epoch': 50.0}
{'eval_loss': 3.7869598865509033, 'eval_BLEU_1': 0.4686806417355222, 'eval_BLEU_2': 0.35973137669426447, 'eval_BLEU_3': 0.2895873601905083, 'eval_BLEU_4': 0.24105674247282516, 'eval_ROUGE': 0.5146520631840976, 'eval_runtime': 55.1534, 'eval_samples_per_second': 9.41, 'eval_steps_per_second': 1.179, 'epoch': 50.0}
{'loss': 2.4594, 'learning_rate': 5.75e-06, 'epoch': 51.0}
{'eval_loss': 3.789684295654297, 'eval_BLEU_1': 0.47256504942946626, 'eval_BLEU_2': 0.3651389110443813, 'eval_BLEU_3': 0.29441406534917125, 'eval_BLEU_4': 0.2440250059757775, 'eval_ROUGE': 0.5178014993796323, 'eval_runtime': 54.6526, 'eval_samples_per_second': 9.496, 'eval_steps_per_second': 1.189, 'epoch': 51.0}
{'loss': 2.4552, 'learning_rate': 5.666666666666667e-06, 'epoch': 52.0}
{'eval_loss': 3.798515796661377, 'eval_BLEU_1': 0.4632505497099975, 'eval_BLEU_2': 0.356616950450408, 'eval_BLEU_3': 0.2877172318050582, 'eval_BLEU_4': 0.24003021802317007, 'eval_ROUGE': 0.5104538916369681, 'eval_runtime': 54.9401, 'eval_samples_per_second': 9.447, 'eval_steps_per_second': 1.183, 'epoch': 52.0}
{'loss': 2.4503, 'learning_rate': 5.583333333333334e-06, 'epoch': 53.0}
{'eval_loss': 3.8037428855895996, 'eval_BLEU_1': 0.4685535726107832, 'eval_BLEU_2': 0.35702868019925915, 'eval_BLEU_3': 0.28458038144497527, 'eval_BLEU_4': 0.23439530158081628, 'eval_ROUGE': 0.5099282615137708, 'eval_runtime': 55.6724, 'eval_samples_per_second': 9.322, 'eval_steps_per_second': 1.168, 'epoch': 53.0}
{'loss': 2.446, 'learning_rate': 5.500000000000001e-06, 'epoch': 54.0}
{'eval_loss': 3.7987654209136963, 'eval_BLEU_1': 0.4664836891616062, 'eval_BLEU_2': 0.3562304193060904, 'eval_BLEU_3': 0.2847729626488679, 'eval_BLEU_4': 0.23564900114606227, 'eval_ROUGE': 0.5106568166594758, 'eval_runtime': 55.0641, 'eval_samples_per_second': 9.425, 'eval_steps_per_second': 1.18, 'epoch': 54.0}
{'loss': 2.44, 'learning_rate': 5.416666666666667e-06, 'epoch': 55.0}
{'eval_loss': 3.799435615539551, 'eval_BLEU_1': 0.4668007824085042, 'eval_BLEU_2': 0.3611235364409304, 'eval_BLEU_3': 0.2901414719121166, 'eval_BLEU_4': 0.2403367692424441, 'eval_ROUGE': 0.5150044634802693, 'eval_runtime': 55.3223, 'eval_samples_per_second': 9.381, 'eval_steps_per_second': 1.175, 'epoch': 55.0}
{'loss': 2.4355, 'learning_rate': 5.333333333333334e-06, 'epoch': 56.0}
{'eval_loss': 3.794461250305176, 'eval_BLEU_1': 0.4807335247321643, 'eval_BLEU_2': 0.36792484616287174, 'eval_BLEU_3': 0.2951476511014641, 'eval_BLEU_4': 0.24467567016707437, 'eval_ROUGE': 0.5190841563995847, 'eval_runtime': 55.9771, 'eval_samples_per_second': 9.272, 'eval_steps_per_second': 1.161, 'epoch': 56.0}
{'loss': 2.4319, 'learning_rate': 5.2500000000000006e-06, 'epoch': 57.0}
{'eval_loss': 3.797513961791992, 'eval_BLEU_1': 0.47075889872258453, 'eval_BLEU_2': 0.35962375046020734, 'eval_BLEU_3': 0.28863603130407695, 'eval_BLEU_4': 0.24000110700024418, 'eval_ROUGE': 0.5149193156430467, 'eval_runtime': 54.9109, 'eval_samples_per_second': 9.452, 'eval_steps_per_second': 1.184, 'epoch': 57.0}
{'loss': 2.4279, 'learning_rate': 5.1666666666666675e-06, 'epoch': 58.0}
{'eval_loss': 3.796272039413452, 'eval_BLEU_1': 0.46681983716934605, 'eval_BLEU_2': 0.3594080432219938, 'eval_BLEU_3': 0.2897221771450849, 'eval_BLEU_4': 0.24171003454160353, 'eval_ROUGE': 0.5150890109521067, 'eval_runtime': 55.0787, 'eval_samples_per_second': 9.423, 'eval_steps_per_second': 1.18, 'epoch': 58.0}
{'loss': 2.4243, 'learning_rate': 5.0833333333333335e-06, 'epoch': 59.0}
{'eval_loss': 3.7929768562316895, 'eval_BLEU_1': 0.4691134891310572, 'eval_BLEU_2': 0.36003143208270927, 'eval_BLEU_3': 0.28958641463273227, 'eval_BLEU_4': 0.24094439608240634, 'eval_ROUGE': 0.5145703902003815, 'eval_runtime': 55.3646, 'eval_samples_per_second': 9.374, 'eval_steps_per_second': 1.174, 'epoch': 59.0}
{'loss': 2.4198, 'learning_rate': 5e-06, 'epoch': 60.0}
{'eval_loss': 3.809566020965576, 'eval_BLEU_1': 0.4755759252082461, 'eval_BLEU_2': 0.3645029616668737, 'eval_BLEU_3': 0.2921575573679949, 'eval_BLEU_4': 0.24257788233671965, 'eval_ROUGE': 0.5184750193016322, 'eval_runtime': 55.1407, 'eval_samples_per_second': 9.412, 'eval_steps_per_second': 1.179, 'epoch': 60.0}
{'loss': 2.4166, 'learning_rate': 4.9166666666666665e-06, 'epoch': 61.0}
{'eval_loss': 3.8120012283325195, 'eval_BLEU_1': 0.46848735912687783, 'eval_BLEU_2': 0.35980910864009097, 'eval_BLEU_3': 0.2899316677636427, 'eval_BLEU_4': 0.2416374264476656, 'eval_ROUGE': 0.5121728938188557, 'eval_runtime': 85.8097, 'eval_samples_per_second': 6.048, 'eval_steps_per_second': 0.757, 'epoch': 61.0}
{'loss': 2.4132, 'learning_rate': 4.833333333333333e-06, 'epoch': 62.0}
{'eval_loss': 3.7926414012908936, 'eval_BLEU_1': 0.471375503442497, 'eval_BLEU_2': 0.3636591287385735, 'eval_BLEU_3': 0.29333066778705424, 'eval_BLEU_4': 0.24417451905696483, 'eval_ROUGE': 0.51694714902359, 'eval_runtime': 54.4745, 'eval_samples_per_second': 9.527, 'eval_steps_per_second': 1.193, 'epoch': 62.0}
{'loss': 2.4097, 'learning_rate': 4.75e-06, 'epoch': 63.0}
{'eval_loss': 3.7999253273010254, 'eval_BLEU_1': 0.4706376876607508, 'eval_BLEU_2': 0.3622785310907768, 'eval_BLEU_3': 0.2924026462023101, 'eval_BLEU_4': 0.2436147370807331, 'eval_ROUGE': 0.5168784117597309, 'eval_runtime': 55.2018, 'eval_samples_per_second': 9.402, 'eval_steps_per_second': 1.177, 'epoch': 63.0}
{'loss': 2.4071, 'learning_rate': 4.666666666666667e-06, 'epoch': 64.0}
{'eval_loss': 3.7944910526275635, 'eval_BLEU_1': 0.46846101684567787, 'eval_BLEU_2': 0.3618743662335453, 'eval_BLEU_3': 0.29171216520007265, 'eval_BLEU_4': 0.24334971979061168, 'eval_ROUGE': 0.5177095093661438, 'eval_runtime': 54.8726, 'eval_samples_per_second': 9.458, 'eval_steps_per_second': 1.185, 'epoch': 64.0}
{'loss': 2.4035, 'learning_rate': 4.583333333333333e-06, 'epoch': 65.0}
{'eval_loss': 3.778839588165283, 'eval_BLEU_1': 0.4709168360448989, 'eval_BLEU_2': 0.3585275167848492, 'eval_BLEU_3': 0.2863410720808801, 'eval_BLEU_4': 0.23646626503579793, 'eval_ROUGE': 0.5169929190615746, 'eval_runtime': 55.2839, 'eval_samples_per_second': 9.388, 'eval_steps_per_second': 1.176, 'epoch': 65.0}
{'loss': 2.4003, 'learning_rate': 4.5e-06, 'epoch': 66.0}
{'eval_loss': 3.784410238265991, 'eval_BLEU_1': 0.47348971037192195, 'eval_BLEU_2': 0.3640874461980618, 'eval_BLEU_3': 0.29214618383779506, 'eval_BLEU_4': 0.2426636768876495, 'eval_ROUGE': 0.5182566460725953, 'eval_runtime': 55.0416, 'eval_samples_per_second': 9.429, 'eval_steps_per_second': 1.181, 'epoch': 66.0}
{'loss': 2.3981, 'learning_rate': 4.416666666666667e-06, 'epoch': 67.0}
{'eval_loss': 3.8053903579711914, 'eval_BLEU_1': 0.46825259712293066, 'eval_BLEU_2': 0.3578008651723506, 'eval_BLEU_3': 0.2866470209906592, 'eval_BLEU_4': 0.23794471820223956, 'eval_ROUGE': 0.5149557555462896, 'eval_runtime': 54.5362, 'eval_samples_per_second': 9.517, 'eval_steps_per_second': 1.192, 'epoch': 67.0}
{'loss': 2.3955, 'learning_rate': 4.333333333333334e-06, 'epoch': 68.0}
{'eval_loss': 3.790146827697754, 'eval_BLEU_1': 0.46702396644293814, 'eval_BLEU_2': 0.35705346736219806, 'eval_BLEU_3': 0.28606958548596456, 'eval_BLEU_4': 0.2359870702495901, 'eval_ROUGE': 0.5102293565250073, 'eval_runtime': 55.4999, 'eval_samples_per_second': 9.351, 'eval_steps_per_second': 1.171, 'epoch': 68.0}
{'loss': 2.393, 'learning_rate': 4.25e-06, 'epoch': 69.0}
{'eval_loss': 3.785958766937256, 'eval_BLEU_1': 0.4645885449613514, 'eval_BLEU_2': 0.35678583822537546, 'eval_BLEU_3': 0.28642273120096134, 'eval_BLEU_4': 0.23839012623011657, 'eval_ROUGE': 0.514314175885756, 'eval_runtime': 55.2384, 'eval_samples_per_second': 9.396, 'eval_steps_per_second': 1.177, 'epoch': 69.0}
{'loss': 2.3902, 'learning_rate': 4.166666666666667e-06, 'epoch': 70.0}
{'eval_loss': 3.801367998123169, 'eval_BLEU_1': 0.4684383263815048, 'eval_BLEU_2': 0.36038820734346966, 'eval_BLEU_3': 0.2896128699276978, 'eval_BLEU_4': 0.240900856048118, 'eval_ROUGE': 0.5129847744321753, 'eval_runtime': 55.344, 'eval_samples_per_second': 9.378, 'eval_steps_per_second': 1.174, 'epoch': 70.0}
{'loss': 2.3882, 'learning_rate': 4.083333333333334e-06, 'epoch': 71.0}
{'eval_loss': 3.7943737506866455, 'eval_BLEU_1': 0.47201470990381666, 'eval_BLEU_2': 0.362172194702634, 'eval_BLEU_3': 0.29057949178397424, 'eval_BLEU_4': 0.24058065286685634, 'eval_ROUGE': 0.5163700843480383, 'eval_runtime': 54.6222, 'eval_samples_per_second': 9.502, 'eval_steps_per_second': 1.19, 'epoch': 71.0}
{'loss': 2.386, 'learning_rate': 4.000000000000001e-06, 'epoch': 72.0}
{'eval_loss': 3.807223320007324, 'eval_BLEU_1': 0.4641869981071042, 'eval_BLEU_2': 0.35679802681437883, 'eval_BLEU_3': 0.2870249039209731, 'eval_BLEU_4': 0.23919399063817273, 'eval_ROUGE': 0.5118597763095201, 'eval_runtime': 54.5102, 'eval_samples_per_second': 9.521, 'eval_steps_per_second': 1.192, 'epoch': 72.0}
{'loss': 2.3833, 'learning_rate': 3.916666666666667e-06, 'epoch': 73.0}
{'eval_loss': 3.796976089477539, 'eval_BLEU_1': 0.46714370386696413, 'eval_BLEU_2': 0.35815098104408716, 'eval_BLEU_3': 0.28787555617489086, 'eval_BLEU_4': 0.2388393705192786, 'eval_ROUGE': 0.5109295719401661, 'eval_runtime': 55.233, 'eval_samples_per_second': 9.397, 'eval_steps_per_second': 1.177, 'epoch': 73.0}
{'loss': 2.3815, 'learning_rate': 3.833333333333334e-06, 'epoch': 74.0}
{'eval_loss': 3.8067822456359863, 'eval_BLEU_1': 0.4693473565798977, 'eval_BLEU_2': 0.3588855097640966, 'eval_BLEU_3': 0.287841736987348, 'eval_BLEU_4': 0.2389419535133185, 'eval_ROUGE': 0.5124505086047499, 'eval_runtime': 56.9697, 'eval_samples_per_second': 9.11, 'eval_steps_per_second': 1.141, 'epoch': 74.0}
{'loss': 2.3791, 'learning_rate': 3.7500000000000005e-06, 'epoch': 75.0}
{'eval_loss': 3.7974257469177246, 'eval_BLEU_1': 0.46951158034704277, 'eval_BLEU_2': 0.3602937961267083, 'eval_BLEU_3': 0.28943613959901626, 'eval_BLEU_4': 0.24031162114501312, 'eval_ROUGE': 0.5155641238151635, 'eval_runtime': 55.6911, 'eval_samples_per_second': 9.319, 'eval_steps_per_second': 1.167, 'epoch': 75.0}
{'loss': 2.3769, 'learning_rate': 3.6666666666666666e-06, 'epoch': 76.0}
{'eval_loss': 3.7916059494018555, 'eval_BLEU_1': 0.463503283971758, 'eval_BLEU_2': 0.3572473921593183, 'eval_BLEU_3': 0.289078511708766, 'eval_BLEU_4': 0.24159749253658863, 'eval_ROUGE': 0.5159319131643207, 'eval_runtime': 55.1604, 'eval_samples_per_second': 9.409, 'eval_steps_per_second': 1.178, 'epoch': 76.0}
{'loss': 2.375, 'learning_rate': 3.5833333333333335e-06, 'epoch': 77.0}
{'eval_loss': 3.7972521781921387, 'eval_BLEU_1': 0.4721606408511073, 'eval_BLEU_2': 0.3612212636852928, 'eval_BLEU_3': 0.2896571486279017, 'eval_BLEU_4': 0.24056797626368262, 'eval_ROUGE': 0.5143607846918044, 'eval_runtime': 55.0532, 'eval_samples_per_second': 9.427, 'eval_steps_per_second': 1.181, 'epoch': 77.0}
{'loss': 2.3731, 'learning_rate': 3.5e-06, 'epoch': 78.0}
{'eval_loss': 3.810100793838501, 'eval_BLEU_1': 0.46543492649881274, 'eval_BLEU_2': 0.35799448004054213, 'eval_BLEU_3': 0.28768632746562534, 'eval_BLEU_4': 0.23925923650566985, 'eval_ROUGE': 0.5102483356737433, 'eval_runtime': 55.1684, 'eval_samples_per_second': 9.408, 'eval_steps_per_second': 1.178, 'epoch': 78.0}
{'loss': 2.3716, 'learning_rate': 3.416666666666667e-06, 'epoch': 79.0}
{'eval_loss': 3.795081377029419, 'eval_BLEU_1': 0.4609514777687613, 'eval_BLEU_2': 0.35612209025767944, 'eval_BLEU_3': 0.2868605472921582, 'eval_BLEU_4': 0.23837315833417913, 'eval_ROUGE': 0.5083674195217152, 'eval_runtime': 54.5655, 'eval_samples_per_second': 9.512, 'eval_steps_per_second': 1.191, 'epoch': 79.0}
{'loss': 2.3696, 'learning_rate': 3.3333333333333333e-06, 'epoch': 80.0}
{'eval_loss': 3.8086600303649902, 'eval_BLEU_1': 0.46967045110587224, 'eval_BLEU_2': 0.3610879618331089, 'eval_BLEU_3': 0.2905546606853355, 'eval_BLEU_4': 0.24138855107298215, 'eval_ROUGE': 0.5117637070634586, 'eval_runtime': 54.4315, 'eval_samples_per_second': 9.535, 'eval_steps_per_second': 1.194, 'epoch': 80.0}
{'loss': 2.368, 'learning_rate': 3.2500000000000002e-06, 'epoch': 81.0}
{'eval_loss': 3.7896218299865723, 'eval_BLEU_1': 0.46681362286802036, 'eval_BLEU_2': 0.3566273454756366, 'eval_BLEU_3': 0.2851045431160653, 'eval_BLEU_4': 0.23629547184612365, 'eval_ROUGE': 0.5135626985870458, 'eval_runtime': 85.5357, 'eval_samples_per_second': 6.068, 'eval_steps_per_second': 0.76, 'epoch': 81.0}
{'loss': 2.3661, 'learning_rate': 3.1666666666666667e-06, 'epoch': 82.0}
{'eval_loss': 3.7962684631347656, 'eval_BLEU_1': 0.47036805200847986, 'eval_BLEU_2': 0.3611223578953344, 'eval_BLEU_3': 0.28993416602281763, 'eval_BLEU_4': 0.24070475665346938, 'eval_ROUGE': 0.5146999073571663, 'eval_runtime': 54.7967, 'eval_samples_per_second': 9.471, 'eval_steps_per_second': 1.186, 'epoch': 82.0}
{'loss': 2.3648, 'learning_rate': 3.0833333333333336e-06, 'epoch': 83.0}
{'eval_loss': 3.803267002105713, 'eval_BLEU_1': 0.4711814524673733, 'eval_BLEU_2': 0.3623631248384673, 'eval_BLEU_3': 0.2901524239985417, 'eval_BLEU_4': 0.24077081177831683, 'eval_ROUGE': 0.5145673406648232, 'eval_runtime': 54.0147, 'eval_samples_per_second': 9.608, 'eval_steps_per_second': 1.203, 'epoch': 83.0}
{'loss': 2.3633, 'learning_rate': 3e-06, 'epoch': 84.0}
{'eval_loss': 3.8109772205352783, 'eval_BLEU_1': 0.4728323613704298, 'eval_BLEU_2': 0.36267878620422156, 'eval_BLEU_3': 0.2907011818089369, 'eval_BLEU_4': 0.24036236472802514, 'eval_ROUGE': 0.5179508261840361, 'eval_runtime': 55.0043, 'eval_samples_per_second': 9.436, 'eval_steps_per_second': 1.182, 'epoch': 84.0}
{'loss': 2.3619, 'learning_rate': 2.916666666666667e-06, 'epoch': 85.0}
{'eval_loss': 3.8103370666503906, 'eval_BLEU_1': 0.47461687335811936, 'eval_BLEU_2': 0.3655426844094445, 'eval_BLEU_3': 0.293409189089629, 'eval_BLEU_4': 0.2439238153681585, 'eval_ROUGE': 0.5193388504556067, 'eval_runtime': 53.6427, 'eval_samples_per_second': 9.675, 'eval_steps_per_second': 1.212, 'epoch': 85.0}
{'loss': 2.3599, 'learning_rate': 2.8333333333333335e-06, 'epoch': 86.0}
{'eval_loss': 3.81842041015625, 'eval_BLEU_1': 0.4686511107669284, 'eval_BLEU_2': 0.35681287916746357, 'eval_BLEU_3': 0.2850063716235112, 'eval_BLEU_4': 0.2357823124727722, 'eval_ROUGE': 0.5136603086406719, 'eval_runtime': 54.4368, 'eval_samples_per_second': 9.534, 'eval_steps_per_second': 1.194, 'epoch': 86.0}
{'loss': 2.3591, 'learning_rate': 2.7500000000000004e-06, 'epoch': 87.0}
{'eval_loss': 3.7955851554870605, 'eval_BLEU_1': 0.4700846914530208, 'eval_BLEU_2': 0.36134978462753153, 'eval_BLEU_3': 0.29024750069604927, 'eval_BLEU_4': 0.24086351949632295, 'eval_ROUGE': 0.5142234030280082, 'eval_runtime': 74.4026, 'eval_samples_per_second': 6.976, 'eval_steps_per_second': 0.874, 'epoch': 87.0}
{'loss': 2.3579, 'learning_rate': 2.666666666666667e-06, 'epoch': 88.0}
{'eval_loss': 3.8005690574645996, 'eval_BLEU_1': 0.46892484733085654, 'eval_BLEU_2': 0.3583772364215051, 'eval_BLEU_3': 0.28657543613394715, 'eval_BLEU_4': 0.23710545681113446, 'eval_ROUGE': 0.5153079967627137, 'eval_runtime': 54.9747, 'eval_samples_per_second': 9.441, 'eval_steps_per_second': 1.182, 'epoch': 88.0}
{'loss': 2.3563, 'learning_rate': 2.5833333333333337e-06, 'epoch': 89.0}
{'eval_loss': 3.8091721534729004, 'eval_BLEU_1': 0.4684641378809457, 'eval_BLEU_2': 0.35937874803809994, 'eval_BLEU_3': 0.2885609360012382, 'eval_BLEU_4': 0.2396475491525216, 'eval_ROUGE': 0.5131973332896804, 'eval_runtime': 54.3053, 'eval_samples_per_second': 9.557, 'eval_steps_per_second': 1.197, 'epoch': 89.0}
{'loss': 2.3552, 'learning_rate': 2.5e-06, 'epoch': 90.0}
{'eval_loss': 3.8032941818237305, 'eval_BLEU_1': 0.4707008989123801, 'eval_BLEU_2': 0.3620911945434341, 'eval_BLEU_3': 0.2903294618897656, 'eval_BLEU_4': 0.24047323648558444, 'eval_ROUGE': 0.5150758980141621, 'eval_runtime': 54.4409, 'eval_samples_per_second': 9.533, 'eval_steps_per_second': 1.194, 'epoch': 90.0}
{'loss': 2.3542, 'learning_rate': 2.4166666666666667e-06, 'epoch': 91.0}
{'eval_loss': 3.797670841217041, 'eval_BLEU_1': 0.46948992834604675, 'eval_BLEU_2': 0.36160212771836125, 'eval_BLEU_3': 0.29112054887260125, 'eval_BLEU_4': 0.2419080913054488, 'eval_ROUGE': 0.5163331018040747, 'eval_runtime': 54.4228, 'eval_samples_per_second': 9.536, 'eval_steps_per_second': 1.194, 'epoch': 91.0}
{'loss': 2.3528, 'learning_rate': 2.3333333333333336e-06, 'epoch': 92.0}
{'eval_loss': 3.8030173778533936, 'eval_BLEU_1': 0.470070541667195, 'eval_BLEU_2': 0.3635551475912625, 'eval_BLEU_3': 0.2929350483961316, 'eval_BLEU_4': 0.24302381115633365, 'eval_ROUGE': 0.5173579824454612, 'eval_runtime': 55.0065, 'eval_samples_per_second': 9.435, 'eval_steps_per_second': 1.182, 'epoch': 92.0}
{'loss': 2.3516, 'learning_rate': 2.25e-06, 'epoch': 93.0}
{'eval_loss': 3.8070037364959717, 'eval_BLEU_1': 0.46940792376238344, 'eval_BLEU_2': 0.36237773629445735, 'eval_BLEU_3': 0.29184224868992775, 'eval_BLEU_4': 0.2420712772645603, 'eval_ROUGE': 0.5141581795886252, 'eval_runtime': 54.0101, 'eval_samples_per_second': 9.609, 'eval_steps_per_second': 1.203, 'epoch': 93.0}
{'loss': 2.3502, 'learning_rate': 2.166666666666667e-06, 'epoch': 94.0}
{'eval_loss': 3.807138204574585, 'eval_BLEU_1': 0.46624536923745413, 'eval_BLEU_2': 0.3572864125417535, 'eval_BLEU_3': 0.2859646694020451, 'eval_BLEU_4': 0.236458791476908, 'eval_ROUGE': 0.5097689302834945, 'eval_runtime': 54.8665, 'eval_samples_per_second': 9.459, 'eval_steps_per_second': 1.185, 'epoch': 94.0}
{'loss': 2.3495, 'learning_rate': 2.0833333333333334e-06, 'epoch': 95.0}
{'eval_loss': 3.810525417327881, 'eval_BLEU_1': 0.46769238033393523, 'eval_BLEU_2': 0.35853551620855656, 'eval_BLEU_3': 0.28755953930699585, 'eval_BLEU_4': 0.23889790306123268, 'eval_ROUGE': 0.5142379323991597, 'eval_runtime': 55.2894, 'eval_samples_per_second': 9.387, 'eval_steps_per_second': 1.176, 'epoch': 95.0}
{'loss': 2.3486, 'learning_rate': 2.0000000000000003e-06, 'epoch': 96.0}
{'eval_loss': 3.798429250717163, 'eval_BLEU_1': 0.4724088531666098, 'eval_BLEU_2': 0.36183556041709747, 'eval_BLEU_3': 0.28972209192794257, 'eval_BLEU_4': 0.2395960661544558, 'eval_ROUGE': 0.513934452490025, 'eval_runtime': 54.747, 'eval_samples_per_second': 9.48, 'eval_steps_per_second': 1.187, 'epoch': 96.0}
{'loss': 2.3475, 'learning_rate': 1.916666666666667e-06, 'epoch': 97.0}
{'eval_loss': 3.8091301918029785, 'eval_BLEU_1': 0.47019907179311543, 'eval_BLEU_2': 0.3602508391220219, 'eval_BLEU_3': 0.2878453229622453, 'eval_BLEU_4': 0.23766228484934632, 'eval_ROUGE': 0.5133491374742094, 'eval_runtime': 54.4585, 'eval_samples_per_second': 9.53, 'eval_steps_per_second': 1.194, 'epoch': 97.0}
{'loss': 2.3466, 'learning_rate': 1.8333333333333333e-06, 'epoch': 98.0}
{'eval_loss': 3.8064301013946533, 'eval_BLEU_1': 0.46941399036240405, 'eval_BLEU_2': 0.35901148041323655, 'eval_BLEU_3': 0.2867378895241977, 'eval_BLEU_4': 0.23733650548330923, 'eval_ROUGE': 0.5140563259197924, 'eval_runtime': 55.7455, 'eval_samples_per_second': 9.31, 'eval_steps_per_second': 1.166, 'epoch': 98.0}
{'loss': 2.3457, 'learning_rate': 1.75e-06, 'epoch': 99.0}
{'eval_loss': 3.8135299682617188, 'eval_BLEU_1': 0.4721587058271922, 'eval_BLEU_2': 0.36329287873501154, 'eval_BLEU_3': 0.2921571530844931, 'eval_BLEU_4': 0.24234048304632536, 'eval_ROUGE': 0.5148481933053505, 'eval_runtime': 54.5752, 'eval_samples_per_second': 9.51, 'eval_steps_per_second': 1.191, 'epoch': 99.0}
{'loss': 2.3452, 'learning_rate': 1.6666666666666667e-06, 'epoch': 100.0}
{'eval_loss': 3.812448263168335, 'eval_BLEU_1': 0.47431812117876804, 'eval_BLEU_2': 0.3652675114976269, 'eval_BLEU_3': 0.2933920689521904, 'eval_BLEU_4': 0.24348750250948664, 'eval_ROUGE': 0.5154634213752614, 'eval_runtime': 54.8182, 'eval_samples_per_second': 9.468, 'eval_steps_per_second': 1.186, 'epoch': 100.0}
{'loss': 2.344, 'learning_rate': 1.5833333333333333e-06, 'epoch': 101.0}
{'eval_loss': 3.817807197570801, 'eval_BLEU_1': 0.4700632587701628, 'eval_BLEU_2': 0.3595875315277379, 'eval_BLEU_3': 0.287214325015193, 'eval_BLEU_4': 0.23722260995396302, 'eval_ROUGE': 0.5120987041966636, 'eval_runtime': 54.6124, 'eval_samples_per_second': 9.503, 'eval_steps_per_second': 1.19, 'epoch': 101.0}
{'loss': 2.3434, 'learning_rate': 1.5e-06, 'epoch': 102.0}
{'eval_loss': 3.8176956176757812, 'eval_BLEU_1': 0.4745351288860389, 'eval_BLEU_2': 0.36296426075829474, 'eval_BLEU_3': 0.2894478258526075, 'eval_BLEU_4': 0.2387485067758359, 'eval_ROUGE': 0.5158585115295127, 'eval_runtime': 54.7945, 'eval_samples_per_second': 9.472, 'eval_steps_per_second': 1.186, 'epoch': 102.0}
{'loss': 2.3426, 'learning_rate': 1.4166666666666667e-06, 'epoch': 103.0}
{'eval_loss': 3.8160459995269775, 'eval_BLEU_1': 0.47563676395299664, 'eval_BLEU_2': 0.3637902615236689, 'eval_BLEU_3': 0.2913692226246158, 'eval_BLEU_4': 0.2410441839839402, 'eval_ROUGE': 0.5197136765526902, 'eval_runtime': 117.6675, 'eval_samples_per_second': 4.411, 'eval_steps_per_second': 0.552, 'epoch': 103.0}
{'loss': 2.3416, 'learning_rate': 1.3333333333333334e-06, 'epoch': 104.0}
{'eval_loss': 3.8140339851379395, 'eval_BLEU_1': 0.46890384431815146, 'eval_BLEU_2': 0.3606809475014136, 'eval_BLEU_3': 0.28855596381407256, 'eval_BLEU_4': 0.23831138718442763, 'eval_ROUGE': 0.5142309089796164, 'eval_runtime': 54.4746, 'eval_samples_per_second': 9.527, 'eval_steps_per_second': 1.193, 'epoch': 104.0}
{'loss': 2.3413, 'learning_rate': 1.25e-06, 'epoch': 105.0}
{'eval_loss': 3.8066904544830322, 'eval_BLEU_1': 0.4689362288551827, 'eval_BLEU_2': 0.35893078928465, 'eval_BLEU_3': 0.28679401233239693, 'eval_BLEU_4': 0.2365176957015564, 'eval_ROUGE': 0.5136618389737684, 'eval_runtime': 54.1863, 'eval_samples_per_second': 9.578, 'eval_steps_per_second': 1.2, 'epoch': 105.0}
{'loss': 2.3404, 'learning_rate': 1.1666666666666668e-06, 'epoch': 106.0}
{'eval_loss': 3.8085598945617676, 'eval_BLEU_1': 0.46798405965289136, 'eval_BLEU_2': 0.35834540662700826, 'eval_BLEU_3': 0.28661314462206355, 'eval_BLEU_4': 0.23655237192390777, 'eval_ROUGE': 0.5143255065329351, 'eval_runtime': 55.0368, 'eval_samples_per_second': 9.43, 'eval_steps_per_second': 1.181, 'epoch': 106.0}
{'loss': 2.3399, 'learning_rate': 1.0833333333333335e-06, 'epoch': 107.0}
{'eval_loss': 3.8137898445129395, 'eval_BLEU_1': 0.47089649148739127, 'eval_BLEU_2': 0.3615475424687706, 'eval_BLEU_3': 0.29030220116312294, 'eval_BLEU_4': 0.24087103187557812, 'eval_ROUGE': 0.5140474823167143, 'eval_runtime': 54.7152, 'eval_samples_per_second': 9.485, 'eval_steps_per_second': 1.188, 'epoch': 107.0}
{'loss': 2.3394, 'learning_rate': 1.0000000000000002e-06, 'epoch': 108.0}
{'eval_loss': 3.82016921043396, 'eval_BLEU_1': 0.4732345510096871, 'eval_BLEU_2': 0.3626657648241732, 'eval_BLEU_3': 0.29029761692668676, 'eval_BLEU_4': 0.24001218080634598, 'eval_ROUGE': 0.5156180518209148, 'eval_runtime': 54.8802, 'eval_samples_per_second': 9.457, 'eval_steps_per_second': 1.184, 'epoch': 108.0}
{'loss': 2.3389, 'learning_rate': 9.166666666666666e-07, 'epoch': 109.0}
{'eval_loss': 3.824174404144287, 'eval_BLEU_1': 0.46788035129160044, 'eval_BLEU_2': 0.35945028761787773, 'eval_BLEU_3': 0.28865306978870947, 'eval_BLEU_4': 0.23961534971307813, 'eval_ROUGE': 0.5120568589617844, 'eval_runtime': 54.31, 'eval_samples_per_second': 9.556, 'eval_steps_per_second': 1.197, 'epoch': 109.0}
{'loss': 2.3382, 'learning_rate': 8.333333333333333e-07, 'epoch': 110.0}
{'eval_loss': 3.8185131549835205, 'eval_BLEU_1': 0.47254573015851103, 'eval_BLEU_2': 0.36178621474477574, 'eval_BLEU_3': 0.28966481841837866, 'eval_BLEU_4': 0.23986045095768857, 'eval_ROUGE': 0.5162275315552196, 'eval_runtime': 55.3883, 'eval_samples_per_second': 9.37, 'eval_steps_per_second': 1.174, 'epoch': 110.0}
{'loss': 2.3377, 'learning_rate': 7.5e-07, 'epoch': 111.0}
{'eval_loss': 3.824934720993042, 'eval_BLEU_1': 0.46855728582255235, 'eval_BLEU_2': 0.3594182775134535, 'eval_BLEU_3': 0.2879275910438018, 'eval_BLEU_4': 0.23914085165979382, 'eval_ROUGE': 0.5133832734977042, 'eval_runtime': 56.9802, 'eval_samples_per_second': 9.108, 'eval_steps_per_second': 1.141, 'epoch': 111.0}
{'loss': 2.3372, 'learning_rate': 6.666666666666667e-07, 'epoch': 112.0}
{'eval_loss': 3.8186228275299072, 'eval_BLEU_1': 0.47148166062830454, 'eval_BLEU_2': 0.36314131952057505, 'eval_BLEU_3': 0.29063639490571685, 'eval_BLEU_4': 0.23921770197138423, 'eval_ROUGE': 0.5133195558400616, 'eval_runtime': 55.0437, 'eval_samples_per_second': 9.429, 'eval_steps_per_second': 1.181, 'epoch': 112.0}
{'loss': 2.3368, 'learning_rate': 5.833333333333334e-07, 'epoch': 113.0}
{'eval_loss': 3.8189926147460938, 'eval_BLEU_1': 0.4724269453005531, 'eval_BLEU_2': 0.3631827366304881, 'eval_BLEU_3': 0.2912266468007237, 'eval_BLEU_4': 0.24043771421488788, 'eval_ROUGE': 0.5166348849694149, 'eval_runtime': 54.6282, 'eval_samples_per_second': 9.501, 'eval_steps_per_second': 1.19, 'epoch': 113.0}
{'loss': 2.3363, 'learning_rate': 5.000000000000001e-07, 'epoch': 114.0}
{'eval_loss': 3.8204596042633057, 'eval_BLEU_1': 0.4765624955736855, 'eval_BLEU_2': 0.3673710631198259, 'eval_BLEU_3': 0.2949376361675296, 'eval_BLEU_4': 0.2437565924420748, 'eval_ROUGE': 0.5180278330172536, 'eval_runtime': 55.7443, 'eval_samples_per_second': 9.31, 'eval_steps_per_second': 1.166, 'epoch': 114.0}
{'loss': 2.3359, 'learning_rate': 4.1666666666666667e-07, 'epoch': 115.0}
{'eval_loss': 3.822713613510132, 'eval_BLEU_1': 0.471897509267888, 'eval_BLEU_2': 0.36278238649078404, 'eval_BLEU_3': 0.29084849021537484, 'eval_BLEU_4': 0.24027143430027637, 'eval_ROUGE': 0.5144936190463968, 'eval_runtime': 54.4159, 'eval_samples_per_second': 9.538, 'eval_steps_per_second': 1.195, 'epoch': 115.0}
{'loss': 2.3357, 'learning_rate': 3.3333333333333335e-07, 'epoch': 116.0}
{'eval_loss': 3.818746328353882, 'eval_BLEU_1': 0.47310089867737976, 'eval_BLEU_2': 0.3638536481651902, 'eval_BLEU_3': 0.29168699172732027, 'eval_BLEU_4': 0.24108472011306095, 'eval_ROUGE': 0.517538771802664, 'eval_runtime': 54.8196, 'eval_samples_per_second': 9.467, 'eval_steps_per_second': 1.186, 'epoch': 116.0}
{'loss': 2.3352, 'learning_rate': 2.5000000000000004e-07, 'epoch': 117.0}
{'eval_loss': 3.8197333812713623, 'eval_BLEU_1': 0.4723719675516964, 'eval_BLEU_2': 0.36275509876364637, 'eval_BLEU_3': 0.2910398427834969, 'eval_BLEU_4': 0.24128334931290166, 'eval_ROUGE': 0.5162341427891239, 'eval_runtime': 54.7129, 'eval_samples_per_second': 9.486, 'eval_steps_per_second': 1.188, 'epoch': 117.0}
{'loss': 2.3353, 'learning_rate': 1.6666666666666668e-07, 'epoch': 118.0}
{'eval_loss': 3.8183999061584473, 'eval_BLEU_1': 0.4744230421363719, 'eval_BLEU_2': 0.36613097948122014, 'eval_BLEU_3': 0.2945658596355662, 'eval_BLEU_4': 0.24449817837160753, 'eval_ROUGE': 0.5170545836080054, 'eval_runtime': 54.5519, 'eval_samples_per_second': 9.514, 'eval_steps_per_second': 1.192, 'epoch': 118.0}
{'loss': 2.3354, 'learning_rate': 8.333333333333334e-08, 'epoch': 119.0}
{'eval_loss': 3.817368507385254, 'eval_BLEU_1': 0.47347808482807163, 'eval_BLEU_2': 0.3637019000620963, 'eval_BLEU_3': 0.2912205874108563, 'eval_BLEU_4': 0.24054910861524953, 'eval_ROUGE': 0.5151732839227359, 'eval_runtime': 54.5956, 'eval_samples_per_second': 9.506, 'eval_steps_per_second': 1.191, 'epoch': 119.0}
{'loss': 2.3346, 'learning_rate': 0.0, 'epoch': 120.0}
{'eval_loss': 3.819873809814453, 'eval_BLEU_1': 0.47420462630933724, 'eval_BLEU_2': 0.36387525986044356, 'eval_BLEU_3': 0.29116545880533296, 'eval_BLEU_4': 0.24047698131264084, 'eval_ROUGE': 0.5166319469354372, 'eval_runtime': 54.5134, 'eval_samples_per_second': 9.521, 'eval_steps_per_second': 1.192, 'epoch': 120.0}
{'train_runtime': 20767.4322, 'train_samples_per_second': 41.003, 'train_steps_per_second': 5.125, 'train_loss': 2.659326387482091, 'epoch': 120.0}

Evaluation on Eval:

{'eval_loss': 3.819873809814453, 'eval_BLEU_1': 0.47420462630933724, 'eval_BLEU_2': 0.36387525986044356, 'eval_BLEU_3': 0.29116545880533296, 'eval_BLEU_4': 0.24047698131264084, 'eval_ROUGE': 0.5166319469354372, 'eval_runtime': 54.6511, 'eval_samples_per_second': 9.497, 'eval_steps_per_second': 1.189, 'epoch': 120.0}

Evaluation on Test:


Baseline:
{'BLEU_1': 0.13847602688736504, 'BLEU_2': 0.05886910956282209, 'BLEU_3': 0.028131867306238015, 'BLEU_4': 0.016003742139256854, 'ROUGE': 0.21818542604513852}

Model:
{'eval_loss': 3.7883191108703613, 'eval_BLEU_1': 0.4632747193954155, 'eval_BLEU_2': 0.35716952601027624, 'eval_BLEU_3': 0.2853686531407532, 'eval_BLEU_4': 0.23566207451730645, 'eval_ROUGE': 0.5042217977434049, 'eval_runtime': 63.9597, 'eval_samples_per_second': 10.038, 'eval_steps_per_second': 1.266, 'epoch': 120.0}

 Saving Trainer State
