Mon Mar 27 09:38:28 2023       
+---------------------------------------------------------------------------------------+
| NVIDIA-SMI 530.30.02              Driver Version: 530.30.02    CUDA Version: 12.1     |
|-----------------------------------------+----------------------+----------------------+
| GPU  Name                  Persistence-M| Bus-Id        Disp.A | Volatile Uncorr. ECC |
| Fan  Temp  Perf            Pwr:Usage/Cap|         Memory-Usage | GPU-Util  Compute M. |
|                                         |                      |               MIG M. |
|=========================================+======================+======================|
|   0  Tesla V100-SXM2-32GB            On | 00000000:3A:00.0 Off |                    0 |
| N/A   30C    P0               42W / 300W|      0MiB / 32768MiB |      0%   E. Process |
|                                         |                      |                  N/A |
+-----------------------------------------+----------------------+----------------------+
                                                                                         
+---------------------------------------------------------------------------------------+
| Processes:                                                                            |
|  GPU   GI   CI        PID   Type   Process name                            GPU Memory |
|        ID   ID                                                             Usage      |
|=======================================================================================|
|  No running processes found                                                           |
+---------------------------------------------------------------------------------------+

Pre-evaluation on Eval:

{'eval_loss': 3.651893138885498, 'eval_BLEU_1': 0.4770215000480821, 'eval_BLEU_2': 0.3699988405934605, 'eval_BLEU_3': 0.29862718282394607, 'eval_BLEU_4': 0.24862339384724724, 'eval_ROUGE': 0.520607108752083, 'eval_runtime': 54.4595, 'eval_samples_per_second': 9.53, 'eval_steps_per_second': 1.194}

Strating Training:

{'loss': 3.2538, 'learning_rate': 1.25e-06, 'epoch': 1.0}
{'eval_loss': 3.9175357818603516, 'eval_BLEU_1': 0.4588039933840985, 'eval_BLEU_2': 0.3546148042314225, 'eval_BLEU_3': 0.28455340851889266, 'eval_BLEU_4': 0.23588316655965894, 'eval_ROUGE': 0.5140865709198671, 'eval_runtime': 49.8379, 'eval_samples_per_second': 10.414, 'eval_steps_per_second': 1.304, 'epoch': 1.0}
{'loss': 3.0485, 'learning_rate': 2.5e-06, 'epoch': 2.0}
{'eval_loss': 3.864220142364502, 'eval_BLEU_1': 0.46198610731868467, 'eval_BLEU_2': 0.3586575621272242, 'eval_BLEU_3': 0.2873587382184408, 'eval_BLEU_4': 0.23737480652325105, 'eval_ROUGE': 0.5134382743495018, 'eval_runtime': 51.0071, 'eval_samples_per_second': 10.175, 'eval_steps_per_second': 1.274, 'epoch': 2.0}
{'loss': 3.0009, 'learning_rate': 3.7500000000000005e-06, 'epoch': 3.0}
