Mon May 22 14:23:47 2023       
+---------------------------------------------------------------------------------------+
| NVIDIA-SMI 530.41.03              Driver Version: 530.41.03    CUDA Version: 12.1     |
|-----------------------------------------+----------------------+----------------------+
| GPU  Name                  Persistence-M| Bus-Id        Disp.A | Volatile Uncorr. ECC |
| Fan  Temp  Perf            Pwr:Usage/Cap|         Memory-Usage | GPU-Util  Compute M. |
|                                         |                      |               MIG M. |
|=========================================+======================+======================|
|   0  Tesla V100-SXM2-32GB            On | 00000000:3B:00.0 Off |                    0 |
| N/A   44C    P0               54W / 300W|      0MiB / 32768MiB |      0%   E. Process |
|                                         |                      |                  N/A |
+-----------------------------------------+----------------------+----------------------+
                                                                                         
+---------------------------------------------------------------------------------------+
| Processes:                                                                            |
|  GPU   GI   CI        PID   Type   Process name                            GPU Memory |
|        ID   ID                                                             Usage      |
|=======================================================================================|
|  No running processes found                                                           |
+---------------------------------------------------------------------------------------+

Strating Training:

{'loss': 6.4776, 'learning_rate': 9.875000000000001e-06, 'epoch': 1.0}
{'eval_loss': 5.041851043701172, 'eval_BLEU_1': 0.24107275741560255, 'eval_BLEU_2': 0.1454093945086252, 'eval_BLEU_3': 0.08920526836559595, 'eval_BLEU_4': 0.057295717346597524, 'eval_ROUGE': 0.2993333274025495, 'eval_runtime': 74.5023, 'eval_samples_per_second': 6.966, 'eval_steps_per_second': 0.872, 'epoch': 1.0}
{'loss': 4.954, 'learning_rate': 9.75e-06, 'epoch': 2.0}
{'eval_loss': 4.409466743469238, 'eval_BLEU_1': 0.30947578739306497, 'eval_BLEU_2': 0.2092099377829516, 'eval_BLEU_3': 0.144204715065461, 'eval_BLEU_4': 0.09971022291926306, 'eval_ROUGE': 0.3387109483123568, 'eval_runtime': 88.1651, 'eval_samples_per_second': 5.887, 'eval_steps_per_second': 0.737, 'epoch': 2.0}
{'loss': 4.5043, 'learning_rate': 9.625e-06, 'epoch': 3.0}
{'eval_loss': 4.181907653808594, 'eval_BLEU_1': 0.3504899834052834, 'eval_BLEU_2': 0.24788929806142204, 'eval_BLEU_3': 0.17950106558453172, 'eval_BLEU_4': 0.1324750225754851, 'eval_ROUGE': 0.3933373777675473, 'eval_runtime': 71.8315, 'eval_samples_per_second': 7.225, 'eval_steps_per_second': 0.905, 'epoch': 3.0}
{'loss': 4.245, 'learning_rate': 9.5e-06, 'epoch': 4.0}
{'eval_loss': 4.058196544647217, 'eval_BLEU_1': 0.37428215237869683, 'eval_BLEU_2': 0.27402866160852535, 'eval_BLEU_3': 0.20716385885565156, 'eval_BLEU_4': 0.15913555426887294, 'eval_ROUGE': 0.4229384653531014, 'eval_runtime': 68.3664, 'eval_samples_per_second': 7.591, 'eval_steps_per_second': 0.951, 'epoch': 4.0}
{'loss': 4.0784, 'learning_rate': 9.375000000000001e-06, 'epoch': 5.0}
{'eval_loss': 3.9654123783111572, 'eval_BLEU_1': 0.38348816141071373, 'eval_BLEU_2': 0.2809251444361427, 'eval_BLEU_3': 0.21234910090405879, 'eval_BLEU_4': 0.16451180078961183, 'eval_ROUGE': 0.4222264800212556, 'eval_runtime': 71.3733, 'eval_samples_per_second': 7.272, 'eval_steps_per_second': 0.911, 'epoch': 5.0}
{'loss': 3.9402, 'learning_rate': 9.250000000000001e-06, 'epoch': 6.0}
{'eval_loss': 3.8935627937316895, 'eval_BLEU_1': 0.38115842065844285, 'eval_BLEU_2': 0.2827130815511778, 'eval_BLEU_3': 0.21687075611037746, 'eval_BLEU_4': 0.1715958010871495, 'eval_ROUGE': 0.43608372976296744, 'eval_runtime': 72.5597, 'eval_samples_per_second': 7.153, 'eval_steps_per_second': 0.896, 'epoch': 6.0}
{'loss': 3.831, 'learning_rate': 9.125e-06, 'epoch': 7.0}
{'eval_loss': 3.8491806983947754, 'eval_BLEU_1': 0.4244923830694278, 'eval_BLEU_2': 0.31710124594176053, 'eval_BLEU_3': 0.24422086537101176, 'eval_BLEU_4': 0.19473944231961696, 'eval_ROUGE': 0.4526443994623831, 'eval_runtime': 74.5257, 'eval_samples_per_second': 6.964, 'eval_steps_per_second': 0.872, 'epoch': 7.0}
{'loss': 3.7323, 'learning_rate': 9e-06, 'epoch': 8.0}
{'eval_loss': 3.8137738704681396, 'eval_BLEU_1': 0.43670742922977607, 'eval_BLEU_2': 0.3228566842518007, 'eval_BLEU_3': 0.24802085281153172, 'eval_BLEU_4': 0.1971633359117506, 'eval_ROUGE': 0.4587017011805135, 'eval_runtime': 78.2818, 'eval_samples_per_second': 6.63, 'eval_steps_per_second': 0.83, 'epoch': 8.0}
{'loss': 3.6446, 'learning_rate': 8.875e-06, 'epoch': 9.0}
{'eval_loss': 3.812053680419922, 'eval_BLEU_1': 0.4169153947395195, 'eval_BLEU_2': 0.3106255400712782, 'eval_BLEU_3': 0.23924852698232918, 'eval_BLEU_4': 0.19127708762621304, 'eval_ROUGE': 0.45211027816592253, 'eval_runtime': 71.5492, 'eval_samples_per_second': 7.254, 'eval_steps_per_second': 0.908, 'epoch': 9.0}
{'loss': 3.5657, 'learning_rate': 8.750000000000001e-06, 'epoch': 10.0}
{'eval_loss': 3.767470598220825, 'eval_BLEU_1': 0.43754781079057603, 'eval_BLEU_2': 0.3257645352735341, 'eval_BLEU_3': 0.2507630618880141, 'eval_BLEU_4': 0.2006010502129723, 'eval_ROUGE': 0.4705380801819465, 'eval_runtime': 70.1027, 'eval_samples_per_second': 7.403, 'eval_steps_per_second': 0.927, 'epoch': 10.0}
{'loss': 3.4902, 'learning_rate': 8.625000000000001e-06, 'epoch': 11.0}
{'eval_loss': 3.75662899017334, 'eval_BLEU_1': 0.45024453311129947, 'eval_BLEU_2': 0.339500054733387, 'eval_BLEU_3': 0.26525603881168613, 'eval_BLEU_4': 0.21450249236534374, 'eval_ROUGE': 0.4776980598642402, 'eval_runtime': 71.6126, 'eval_samples_per_second': 7.247, 'eval_steps_per_second': 0.908, 'epoch': 11.0}
{'loss': 3.4263, 'learning_rate': 8.5e-06, 'epoch': 12.0}
{'eval_loss': 3.741029977798462, 'eval_BLEU_1': 0.4435007936929157, 'eval_BLEU_2': 0.3328561618366558, 'eval_BLEU_3': 0.2582357799062167, 'eval_BLEU_4': 0.2071983848213232, 'eval_ROUGE': 0.47351747539927946, 'eval_runtime': 70.3249, 'eval_samples_per_second': 7.38, 'eval_steps_per_second': 0.924, 'epoch': 12.0}
{'loss': 3.3616, 'learning_rate': 8.375e-06, 'epoch': 13.0}
{'eval_loss': 3.747199296951294, 'eval_BLEU_1': 0.4442161214991409, 'eval_BLEU_2': 0.3286922514880501, 'eval_BLEU_3': 0.2534681560310383, 'eval_BLEU_4': 0.2033808404762955, 'eval_ROUGE': 0.4778668342634378, 'eval_runtime': 68.7835, 'eval_samples_per_second': 7.545, 'eval_steps_per_second': 0.945, 'epoch': 13.0}
{'loss': 3.3022, 'learning_rate': 8.25e-06, 'epoch': 14.0}
{'eval_loss': 3.745833158493042, 'eval_BLEU_1': 0.44965872879087604, 'eval_BLEU_2': 0.33251645333007457, 'eval_BLEU_3': 0.2552967046497541, 'eval_BLEU_4': 0.2034844837059437, 'eval_ROUGE': 0.4816746850316047, 'eval_runtime': 69.7999, 'eval_samples_per_second': 7.436, 'eval_steps_per_second': 0.931, 'epoch': 14.0}
{'loss': 3.2453, 'learning_rate': 8.125000000000001e-06, 'epoch': 15.0}
{'eval_loss': 3.7414915561676025, 'eval_BLEU_1': 0.4536254831262055, 'eval_BLEU_2': 0.3374369213195616, 'eval_BLEU_3': 0.2609620786479884, 'eval_BLEU_4': 0.20931351369762255, 'eval_ROUGE': 0.47505461995669174, 'eval_runtime': 69.4824, 'eval_samples_per_second': 7.47, 'eval_steps_per_second': 0.935, 'epoch': 15.0}
{'loss': 3.1912, 'learning_rate': 8.000000000000001e-06, 'epoch': 16.0}
{'eval_loss': 3.749290704727173, 'eval_BLEU_1': 0.4438951922798176, 'eval_BLEU_2': 0.33315163115730934, 'eval_BLEU_3': 0.26014681506053083, 'eval_BLEU_4': 0.21165741601370072, 'eval_ROUGE': 0.4786303907820562, 'eval_runtime': 68.7666, 'eval_samples_per_second': 7.547, 'eval_steps_per_second': 0.945, 'epoch': 16.0}
{'loss': 3.142, 'learning_rate': 7.875e-06, 'epoch': 17.0}
{'eval_loss': 3.7569591999053955, 'eval_BLEU_1': 0.45393933501205724, 'eval_BLEU_2': 0.33374583702216, 'eval_BLEU_3': 0.2570811207033326, 'eval_BLEU_4': 0.20644873394785215, 'eval_ROUGE': 0.4732332635271431, 'eval_runtime': 70.9831, 'eval_samples_per_second': 7.312, 'eval_steps_per_second': 0.916, 'epoch': 17.0}
{'loss': 3.0947, 'learning_rate': 7.75e-06, 'epoch': 18.0}
{'eval_loss': 3.748034954071045, 'eval_BLEU_1': 0.4627619115054097, 'eval_BLEU_2': 0.34297827965315053, 'eval_BLEU_3': 0.26374120436487614, 'eval_BLEU_4': 0.21153947788230504, 'eval_ROUGE': 0.48939704150500035, 'eval_runtime': 67.8496, 'eval_samples_per_second': 7.649, 'eval_steps_per_second': 0.958, 'epoch': 18.0}
{'loss': 3.0527, 'learning_rate': 7.625e-06, 'epoch': 19.0}
{'eval_loss': 3.7693936824798584, 'eval_BLEU_1': 0.4555823929122207, 'eval_BLEU_2': 0.33764271618192626, 'eval_BLEU_3': 0.2588176752165993, 'eval_BLEU_4': 0.20656450893795875, 'eval_ROUGE': 0.47968368726385363, 'eval_runtime': 69.7823, 'eval_samples_per_second': 7.437, 'eval_steps_per_second': 0.931, 'epoch': 19.0}
{'loss': 3.0097, 'learning_rate': 7.500000000000001e-06, 'epoch': 20.0}
{'eval_loss': 3.7516379356384277, 'eval_BLEU_1': 0.451162658509985, 'eval_BLEU_2': 0.33093846232993157, 'eval_BLEU_3': 0.2533455648421134, 'eval_BLEU_4': 0.2016220507138273, 'eval_ROUGE': 0.4826778053654991, 'eval_runtime': 68.552, 'eval_samples_per_second': 7.571, 'eval_steps_per_second': 0.948, 'epoch': 20.0}
{'loss': 2.9734, 'learning_rate': 7.375000000000001e-06, 'epoch': 21.0}
{'eval_loss': 3.776597499847412, 'eval_BLEU_1': 0.4398746368229534, 'eval_BLEU_2': 0.32879709679958, 'eval_BLEU_3': 0.2571630621233015, 'eval_BLEU_4': 0.20864856173227786, 'eval_ROUGE': 0.48058392588476884, 'eval_runtime': 67.1259, 'eval_samples_per_second': 7.732, 'eval_steps_per_second': 0.968, 'epoch': 21.0}
{'loss': 2.9359, 'learning_rate': 7.25e-06, 'epoch': 22.0}
{'eval_loss': 3.7931644916534424, 'eval_BLEU_1': 0.45706775660831395, 'eval_BLEU_2': 0.33935379665988485, 'eval_BLEU_3': 0.2617094436036919, 'eval_BLEU_4': 0.21014525198295178, 'eval_ROUGE': 0.48281404491474633, 'eval_runtime': 68.8934, 'eval_samples_per_second': 7.533, 'eval_steps_per_second': 0.943, 'epoch': 22.0}
{'loss': 2.9006, 'learning_rate': 7.125e-06, 'epoch': 23.0}
{'eval_loss': 3.790818452835083, 'eval_BLEU_1': 0.46081140755047556, 'eval_BLEU_2': 0.33858544655516576, 'eval_BLEU_3': 0.26059355392711814, 'eval_BLEU_4': 0.20922974561919017, 'eval_ROUGE': 0.4893319255338506, 'eval_runtime': 69.3156, 'eval_samples_per_second': 7.487, 'eval_steps_per_second': 0.938, 'epoch': 23.0}
{'loss': 2.8711, 'learning_rate': 7e-06, 'epoch': 24.0}
{'eval_loss': 3.808237314224243, 'eval_BLEU_1': 0.44499067729563485, 'eval_BLEU_2': 0.32726834469374155, 'eval_BLEU_3': 0.2509713940856074, 'eval_BLEU_4': 0.200602890720622, 'eval_ROUGE': 0.4769283726257944, 'eval_runtime': 68.9274, 'eval_samples_per_second': 7.53, 'eval_steps_per_second': 0.943, 'epoch': 24.0}
{'loss': 2.842, 'learning_rate': 6.875e-06, 'epoch': 25.0}
{'eval_loss': 3.8241467475891113, 'eval_BLEU_1': 0.4618168072976862, 'eval_BLEU_2': 0.3412916057073811, 'eval_BLEU_3': 0.2638589422275959, 'eval_BLEU_4': 0.21207784524137982, 'eval_ROUGE': 0.4898214883150196, 'eval_runtime': 67.8149, 'eval_samples_per_second': 7.653, 'eval_steps_per_second': 0.958, 'epoch': 25.0}
{'loss': 2.8169, 'learning_rate': 6.750000000000001e-06, 'epoch': 26.0}
{'eval_loss': 3.8046822547912598, 'eval_BLEU_1': 0.4494836157296532, 'eval_BLEU_2': 0.33619904725140765, 'eval_BLEU_3': 0.2630590281630066, 'eval_BLEU_4': 0.21343054905603728, 'eval_ROUGE': 0.4853020992799878, 'eval_runtime': 65.1896, 'eval_samples_per_second': 7.961, 'eval_steps_per_second': 0.997, 'epoch': 26.0}
{'loss': 2.7927, 'learning_rate': 6.625e-06, 'epoch': 27.0}
{'eval_loss': 3.812485694885254, 'eval_BLEU_1': 0.4549176458077828, 'eval_BLEU_2': 0.3375426699771356, 'eval_BLEU_3': 0.26249378922245886, 'eval_BLEU_4': 0.212139706676561, 'eval_ROUGE': 0.49044614838382383, 'eval_runtime': 67.5274, 'eval_samples_per_second': 7.686, 'eval_steps_per_second': 0.963, 'epoch': 27.0}
{'loss': 2.7677, 'learning_rate': 6.5000000000000004e-06, 'epoch': 28.0}
{'eval_loss': 3.814613103866577, 'eval_BLEU_1': 0.4536665839520445, 'eval_BLEU_2': 0.33391282379293064, 'eval_BLEU_3': 0.2582813201588932, 'eval_BLEU_4': 0.207599411377941, 'eval_ROUGE': 0.4851729739216085, 'eval_runtime': 68.0102, 'eval_samples_per_second': 7.631, 'eval_steps_per_second': 0.956, 'epoch': 28.0}
{'loss': 2.7475, 'learning_rate': 6.375e-06, 'epoch': 29.0}
{'eval_loss': 3.8366215229034424, 'eval_BLEU_1': 0.45606619672229476, 'eval_BLEU_2': 0.33542954068552233, 'eval_BLEU_3': 0.25982552981794804, 'eval_BLEU_4': 0.20927762237610523, 'eval_ROUGE': 0.48791154546007376, 'eval_runtime': 66.115, 'eval_samples_per_second': 7.85, 'eval_steps_per_second': 0.983, 'epoch': 29.0}
{'loss': 2.727, 'learning_rate': 6.25e-06, 'epoch': 30.0}
{'eval_loss': 3.8295235633850098, 'eval_BLEU_1': 0.4557029034676978, 'eval_BLEU_2': 0.33736993128426596, 'eval_BLEU_3': 0.26251579962187094, 'eval_BLEU_4': 0.21184396279465267, 'eval_ROUGE': 0.4852052974638016, 'eval_runtime': 67.0626, 'eval_samples_per_second': 7.739, 'eval_steps_per_second': 0.969, 'epoch': 30.0}
{'loss': 2.7092, 'learning_rate': 6.125000000000001e-06, 'epoch': 31.0}
{'eval_loss': 3.82254695892334, 'eval_BLEU_1': 0.46371072059723245, 'eval_BLEU_2': 0.3413255385550573, 'eval_BLEU_3': 0.2637365708127396, 'eval_BLEU_4': 0.2122328918486941, 'eval_ROUGE': 0.4901182931675465, 'eval_runtime': 68.2094, 'eval_samples_per_second': 7.609, 'eval_steps_per_second': 0.953, 'epoch': 31.0}
{'loss': 2.6926, 'learning_rate': 6e-06, 'epoch': 32.0}
{'eval_loss': 3.830122709274292, 'eval_BLEU_1': 0.45714977140238033, 'eval_BLEU_2': 0.33715956026043525, 'eval_BLEU_3': 0.2610895266255993, 'eval_BLEU_4': 0.21027569573377053, 'eval_ROUGE': 0.48646574900993245, 'eval_runtime': 67.1626, 'eval_samples_per_second': 7.728, 'eval_steps_per_second': 0.968, 'epoch': 32.0}
{'loss': 2.6767, 'learning_rate': 5.8750000000000005e-06, 'epoch': 33.0}
{'eval_loss': 3.816681146621704, 'eval_BLEU_1': 0.4552785961121326, 'eval_BLEU_2': 0.33634509678286023, 'eval_BLEU_3': 0.2614131660313227, 'eval_BLEU_4': 0.21127501855503347, 'eval_ROUGE': 0.48373186291561193, 'eval_runtime': 66.9977, 'eval_samples_per_second': 7.747, 'eval_steps_per_second': 0.97, 'epoch': 33.0}
{'loss': 2.6623, 'learning_rate': 5.75e-06, 'epoch': 34.0}
{'eval_loss': 3.8150880336761475, 'eval_BLEU_1': 0.46224481702812353, 'eval_BLEU_2': 0.3390476527123442, 'eval_BLEU_3': 0.2611127116056782, 'eval_BLEU_4': 0.20919527757349016, 'eval_ROUGE': 0.489269139158389, 'eval_runtime': 74.9406, 'eval_samples_per_second': 6.925, 'eval_steps_per_second': 0.867, 'epoch': 34.0}
{'loss': 2.6481, 'learning_rate': 5.625e-06, 'epoch': 35.0}
{'eval_loss': 3.816422700881958, 'eval_BLEU_1': 0.4696271536049894, 'eval_BLEU_2': 0.34577886141926295, 'eval_BLEU_3': 0.26679478748856844, 'eval_BLEU_4': 0.21444164260947457, 'eval_ROUGE': 0.4916891896713296, 'eval_runtime': 67.2585, 'eval_samples_per_second': 7.716, 'eval_steps_per_second': 0.966, 'epoch': 35.0}
{'loss': 2.6342, 'learning_rate': 5.500000000000001e-06, 'epoch': 36.0}
{'eval_loss': 3.8323886394500732, 'eval_BLEU_1': 0.467701406008951, 'eval_BLEU_2': 0.34414507929565763, 'eval_BLEU_3': 0.2658006420799325, 'eval_BLEU_4': 0.21228690078579554, 'eval_ROUGE': 0.49243936622544837, 'eval_runtime': 66.2787, 'eval_samples_per_second': 7.831, 'eval_steps_per_second': 0.981, 'epoch': 36.0}
{'loss': 2.622, 'learning_rate': 5.375e-06, 'epoch': 37.0}
{'eval_loss': 3.8147432804107666, 'eval_BLEU_1': 0.46721496032052356, 'eval_BLEU_2': 0.3451144760533726, 'eval_BLEU_3': 0.26677734841426115, 'eval_BLEU_4': 0.2152800000285978, 'eval_ROUGE': 0.48915154004589745, 'eval_runtime': 67.4046, 'eval_samples_per_second': 7.7, 'eval_steps_per_second': 0.964, 'epoch': 37.0}
{'loss': 2.612, 'learning_rate': 5.2500000000000006e-06, 'epoch': 38.0}
{'eval_loss': 3.8205862045288086, 'eval_BLEU_1': 0.4604998454471703, 'eval_BLEU_2': 0.3397271042272851, 'eval_BLEU_3': 0.26394766005237086, 'eval_BLEU_4': 0.2121709377194105, 'eval_ROUGE': 0.4887488341090307, 'eval_runtime': 66.0699, 'eval_samples_per_second': 7.855, 'eval_steps_per_second': 0.984, 'epoch': 38.0}
{'loss': 2.6012, 'learning_rate': 5.125e-06, 'epoch': 39.0}
{'eval_loss': 3.8241000175476074, 'eval_BLEU_1': 0.47167336244155594, 'eval_BLEU_2': 0.348134774369431, 'eval_BLEU_3': 0.26981607105115807, 'eval_BLEU_4': 0.21708348319987486, 'eval_ROUGE': 0.497685412466094, 'eval_runtime': 67.5553, 'eval_samples_per_second': 7.683, 'eval_steps_per_second': 0.962, 'epoch': 39.0}
{'loss': 2.5902, 'learning_rate': 5e-06, 'epoch': 40.0}
{'eval_loss': 3.8151798248291016, 'eval_BLEU_1': 0.46328030725571506, 'eval_BLEU_2': 0.34323146732595766, 'eval_BLEU_3': 0.26720509477532034, 'eval_BLEU_4': 0.21631143757384083, 'eval_ROUGE': 0.4918310014635985, 'eval_runtime': 67.0666, 'eval_samples_per_second': 7.739, 'eval_steps_per_second': 0.969, 'epoch': 40.0}
{'loss': 2.5808, 'learning_rate': 4.875e-06, 'epoch': 41.0}
{'eval_loss': 3.8276960849761963, 'eval_BLEU_1': 0.4662405627703971, 'eval_BLEU_2': 0.3442424313460043, 'eval_BLEU_3': 0.2665136072891095, 'eval_BLEU_4': 0.2148215588060236, 'eval_ROUGE': 0.48901448248663304, 'eval_runtime': 67.3125, 'eval_samples_per_second': 7.71, 'eval_steps_per_second': 0.966, 'epoch': 41.0}
{'loss': 2.5725, 'learning_rate': 4.75e-06, 'epoch': 42.0}
{'eval_loss': 3.8369948863983154, 'eval_BLEU_1': 0.46040641801378795, 'eval_BLEU_2': 0.34135723788242445, 'eval_BLEU_3': 0.2632153912558113, 'eval_BLEU_4': 0.21079472883021722, 'eval_ROUGE': 0.49104158325456493, 'eval_runtime': 65.7074, 'eval_samples_per_second': 7.899, 'eval_steps_per_second': 0.989, 'epoch': 42.0}
{'loss': 2.5642, 'learning_rate': 4.625000000000001e-06, 'epoch': 43.0}
{'eval_loss': 3.825906276702881, 'eval_BLEU_1': 0.4702297167430036, 'eval_BLEU_2': 0.3475513533906498, 'eval_BLEU_3': 0.26973793939848534, 'eval_BLEU_4': 0.21721621399975577, 'eval_ROUGE': 0.49406183176194435, 'eval_runtime': 66.9183, 'eval_samples_per_second': 7.756, 'eval_steps_per_second': 0.971, 'epoch': 43.0}
{'loss': 2.5561, 'learning_rate': 4.5e-06, 'epoch': 44.0}
{'eval_loss': 3.849391460418701, 'eval_BLEU_1': 0.46430166294312136, 'eval_BLEU_2': 0.3437971738040525, 'eval_BLEU_3': 0.26618014054637473, 'eval_BLEU_4': 0.2141979969693078, 'eval_ROUGE': 0.49178639421065534, 'eval_runtime': 66.054, 'eval_samples_per_second': 7.857, 'eval_steps_per_second': 0.984, 'epoch': 44.0}
{'loss': 2.5493, 'learning_rate': 4.3750000000000005e-06, 'epoch': 45.0}
{'eval_loss': 3.8348729610443115, 'eval_BLEU_1': 0.4730082012989275, 'eval_BLEU_2': 0.35182930890513314, 'eval_BLEU_3': 0.2737158137478921, 'eval_BLEU_4': 0.22101300829703127, 'eval_ROUGE': 0.4954937185598231, 'eval_runtime': 67.3567, 'eval_samples_per_second': 7.705, 'eval_steps_per_second': 0.965, 'epoch': 45.0}
{'loss': 2.5409, 'learning_rate': 4.25e-06, 'epoch': 46.0}
{'eval_loss': 3.8255138397216797, 'eval_BLEU_1': 0.46631382003423405, 'eval_BLEU_2': 0.34491358489226226, 'eval_BLEU_3': 0.268165413434549, 'eval_BLEU_4': 0.21615364720649285, 'eval_ROUGE': 0.49360352492203496, 'eval_runtime': 68.1465, 'eval_samples_per_second': 7.616, 'eval_steps_per_second': 0.954, 'epoch': 46.0}
{'loss': 2.535, 'learning_rate': 4.125e-06, 'epoch': 47.0}
{'eval_loss': 3.8259987831115723, 'eval_BLEU_1': 0.47001341097149363, 'eval_BLEU_2': 0.3493786057780564, 'eval_BLEU_3': 0.27231492626665754, 'eval_BLEU_4': 0.22034592949480253, 'eval_ROUGE': 0.4971020864942444, 'eval_runtime': 66.0539, 'eval_samples_per_second': 7.857, 'eval_steps_per_second': 0.984, 'epoch': 47.0}
{'loss': 2.5291, 'learning_rate': 4.000000000000001e-06, 'epoch': 48.0}
{'eval_loss': 3.8385212421417236, 'eval_BLEU_1': 0.4602230776598638, 'eval_BLEU_2': 0.3402594630236018, 'eval_BLEU_3': 0.26449455261393645, 'eval_BLEU_4': 0.21358101361143547, 'eval_ROUGE': 0.4898125900777315, 'eval_runtime': 65.8083, 'eval_samples_per_second': 7.887, 'eval_steps_per_second': 0.988, 'epoch': 48.0}
{'loss': 2.5236, 'learning_rate': 3.875e-06, 'epoch': 49.0}
{'eval_loss': 3.828338146209717, 'eval_BLEU_1': 0.46327479765602886, 'eval_BLEU_2': 0.3429714318300979, 'eval_BLEU_3': 0.2656335819214568, 'eval_BLEU_4': 0.21415123853708984, 'eval_ROUGE': 0.495142873342301, 'eval_runtime': 65.5313, 'eval_samples_per_second': 7.92, 'eval_steps_per_second': 0.992, 'epoch': 49.0}
{'loss': 2.5181, 'learning_rate': 3.7500000000000005e-06, 'epoch': 50.0}
{'eval_loss': 3.8289482593536377, 'eval_BLEU_1': 0.46594870955298945, 'eval_BLEU_2': 0.346100503414061, 'eval_BLEU_3': 0.26906692223432305, 'eval_BLEU_4': 0.2174194057217308, 'eval_ROUGE': 0.5003588945361606, 'eval_runtime': 65.8124, 'eval_samples_per_second': 7.886, 'eval_steps_per_second': 0.988, 'epoch': 50.0}
{'loss': 2.5128, 'learning_rate': 3.625e-06, 'epoch': 51.0}
{'eval_loss': 3.829332113265991, 'eval_BLEU_1': 0.4610106876480736, 'eval_BLEU_2': 0.33905175970002843, 'eval_BLEU_3': 0.2616437638267092, 'eval_BLEU_4': 0.20987042259072805, 'eval_ROUGE': 0.4936919670913612, 'eval_runtime': 63.8177, 'eval_samples_per_second': 8.133, 'eval_steps_per_second': 1.019, 'epoch': 51.0}
{'loss': 2.5075, 'learning_rate': 3.5e-06, 'epoch': 52.0}
{'eval_loss': 3.822971820831299, 'eval_BLEU_1': 0.4635870987613961, 'eval_BLEU_2': 0.34379727491074424, 'eval_BLEU_3': 0.2682527656137938, 'eval_BLEU_4': 0.21766185706790342, 'eval_ROUGE': 0.4997608362968943, 'eval_runtime': 65.6332, 'eval_samples_per_second': 7.908, 'eval_steps_per_second': 0.99, 'epoch': 52.0}
{'loss': 2.503, 'learning_rate': 3.3750000000000003e-06, 'epoch': 53.0}
{'eval_loss': 3.823974609375, 'eval_BLEU_1': 0.4628277718292892, 'eval_BLEU_2': 0.3435590869410886, 'eval_BLEU_3': 0.2662313085509134, 'eval_BLEU_4': 0.2146896964132876, 'eval_ROUGE': 0.4940425086261183, 'eval_runtime': 66.0538, 'eval_samples_per_second': 7.857, 'eval_steps_per_second': 0.984, 'epoch': 53.0}
{'loss': 2.4976, 'learning_rate': 3.2500000000000002e-06, 'epoch': 54.0}
{'eval_loss': 3.837824583053589, 'eval_BLEU_1': 0.4659422620377073, 'eval_BLEU_2': 0.3446503537339415, 'eval_BLEU_3': 0.2675801963088273, 'eval_BLEU_4': 0.2167516042653337, 'eval_ROUGE': 0.4986438273719189, 'eval_runtime': 66.2448, 'eval_samples_per_second': 7.835, 'eval_steps_per_second': 0.981, 'epoch': 54.0}
{'loss': 2.4937, 'learning_rate': 3.125e-06, 'epoch': 55.0}
{'eval_loss': 3.8145241737365723, 'eval_BLEU_1': 0.46688351567084013, 'eval_BLEU_2': 0.3465750189599144, 'eval_BLEU_3': 0.26906732023896146, 'eval_BLEU_4': 0.21728738520443677, 'eval_ROUGE': 0.49978051131458934, 'eval_runtime': 65.424, 'eval_samples_per_second': 7.933, 'eval_steps_per_second': 0.994, 'epoch': 55.0}
{'loss': 2.4893, 'learning_rate': 3e-06, 'epoch': 56.0}
{'eval_loss': 3.8284029960632324, 'eval_BLEU_1': 0.4648283289324884, 'eval_BLEU_2': 0.3443800266194688, 'eval_BLEU_3': 0.26697793232656214, 'eval_BLEU_4': 0.21515740305580822, 'eval_ROUGE': 0.49322564548903625, 'eval_runtime': 65.8065, 'eval_samples_per_second': 7.887, 'eval_steps_per_second': 0.988, 'epoch': 56.0}
{'loss': 2.486, 'learning_rate': 2.875e-06, 'epoch': 57.0}
{'eval_loss': 3.8185691833496094, 'eval_BLEU_1': 0.4643112954820948, 'eval_BLEU_2': 0.34467110164163345, 'eval_BLEU_3': 0.26811803742191137, 'eval_BLEU_4': 0.21648145797171597, 'eval_ROUGE': 0.49776190548275884, 'eval_runtime': 64.9646, 'eval_samples_per_second': 7.989, 'eval_steps_per_second': 1.001, 'epoch': 57.0}
{'loss': 2.4824, 'learning_rate': 2.7500000000000004e-06, 'epoch': 58.0}
{'eval_loss': 3.8127026557922363, 'eval_BLEU_1': 0.466080700265574, 'eval_BLEU_2': 0.34478729107644335, 'eval_BLEU_3': 0.26701434208620406, 'eval_BLEU_4': 0.2156014292395603, 'eval_ROUGE': 0.4999546000270557, 'eval_runtime': 65.117, 'eval_samples_per_second': 7.97, 'eval_steps_per_second': 0.998, 'epoch': 58.0}
{'loss': 2.4791, 'learning_rate': 2.6250000000000003e-06, 'epoch': 59.0}
{'eval_loss': 3.8187170028686523, 'eval_BLEU_1': 0.4637140594742868, 'eval_BLEU_2': 0.34613272146144514, 'eval_BLEU_3': 0.270346716417449, 'eval_BLEU_4': 0.21973394900561324, 'eval_ROUGE': 0.49792110385560695, 'eval_runtime': 64.6478, 'eval_samples_per_second': 8.028, 'eval_steps_per_second': 1.005, 'epoch': 59.0}
{'loss': 2.4755, 'learning_rate': 2.5e-06, 'epoch': 60.0}
{'eval_loss': 3.8285374641418457, 'eval_BLEU_1': 0.4647517258883016, 'eval_BLEU_2': 0.34540803994335134, 'eval_BLEU_3': 0.26921693821817916, 'eval_BLEU_4': 0.2176974546772435, 'eval_ROUGE': 0.4953178977722686, 'eval_runtime': 65.8425, 'eval_samples_per_second': 7.882, 'eval_steps_per_second': 0.987, 'epoch': 60.0}
{'loss': 2.4721, 'learning_rate': 2.375e-06, 'epoch': 61.0}
{'eval_loss': 3.823307991027832, 'eval_BLEU_1': 0.4668681450851858, 'eval_BLEU_2': 0.3487830177298899, 'eval_BLEU_3': 0.2726384554544839, 'eval_BLEU_4': 0.221363856393742, 'eval_ROUGE': 0.4990016524452615, 'eval_runtime': 66.1099, 'eval_samples_per_second': 7.851, 'eval_steps_per_second': 0.983, 'epoch': 61.0}
{'loss': 2.4688, 'learning_rate': 2.25e-06, 'epoch': 62.0}
{'eval_loss': 3.8207058906555176, 'eval_BLEU_1': 0.46720863805408785, 'eval_BLEU_2': 0.3443783053959128, 'eval_BLEU_3': 0.2665919273067524, 'eval_BLEU_4': 0.21473960003730588, 'eval_ROUGE': 0.4928935735724348, 'eval_runtime': 63.7021, 'eval_samples_per_second': 8.147, 'eval_steps_per_second': 1.02, 'epoch': 62.0}
{'loss': 2.4659, 'learning_rate': 2.125e-06, 'epoch': 63.0}
{'eval_loss': 3.824141502380371, 'eval_BLEU_1': 0.4630784914183468, 'eval_BLEU_2': 0.3431969698294057, 'eval_BLEU_3': 0.2672423724550885, 'eval_BLEU_4': 0.2165383918154123, 'eval_ROUGE': 0.4959172835184942, 'eval_runtime': 65.2504, 'eval_samples_per_second': 7.954, 'eval_steps_per_second': 0.996, 'epoch': 63.0}
{'loss': 2.4632, 'learning_rate': 2.0000000000000003e-06, 'epoch': 64.0}
{'eval_loss': 3.8325111865997314, 'eval_BLEU_1': 0.46649994521739024, 'eval_BLEU_2': 0.3465277031066845, 'eval_BLEU_3': 0.26940159193832536, 'eval_BLEU_4': 0.2183464827027702, 'eval_ROUGE': 0.5003017347861443, 'eval_runtime': 65.2894, 'eval_samples_per_second': 7.949, 'eval_steps_per_second': 0.996, 'epoch': 64.0}
{'loss': 2.4613, 'learning_rate': 1.8750000000000003e-06, 'epoch': 65.0}
{'eval_loss': 3.8242897987365723, 'eval_BLEU_1': 0.46679555982297133, 'eval_BLEU_2': 0.3484149388603796, 'eval_BLEU_3': 0.27202492325478, 'eval_BLEU_4': 0.2206846936314102, 'eval_ROUGE': 0.49884721585016056, 'eval_runtime': 64.9711, 'eval_samples_per_second': 7.988, 'eval_steps_per_second': 1.0, 'epoch': 65.0}
{'loss': 2.4589, 'learning_rate': 1.75e-06, 'epoch': 66.0}
{'eval_loss': 3.820707082748413, 'eval_BLEU_1': 0.4695040911265156, 'eval_BLEU_2': 0.34993436172781495, 'eval_BLEU_3': 0.2733431177153963, 'eval_BLEU_4': 0.22197643941057735, 'eval_ROUGE': 0.4990649303405382, 'eval_runtime': 128.5331, 'eval_samples_per_second': 4.038, 'eval_steps_per_second': 0.506, 'epoch': 66.0}
{'loss': 2.4573, 'learning_rate': 1.6250000000000001e-06, 'epoch': 67.0}
{'eval_loss': 3.8230743408203125, 'eval_BLEU_1': 0.47071899306037746, 'eval_BLEU_2': 0.35111789818246886, 'eval_BLEU_3': 0.2743113782391747, 'eval_BLEU_4': 0.22208325457160316, 'eval_ROUGE': 0.5020156251764933, 'eval_runtime': 66.0873, 'eval_samples_per_second': 7.853, 'eval_steps_per_second': 0.984, 'epoch': 67.0}
{'loss': 2.4549, 'learning_rate': 1.5e-06, 'epoch': 68.0}
{'eval_loss': 3.821352481842041, 'eval_BLEU_1': 0.46711195029044317, 'eval_BLEU_2': 0.3485255409504011, 'eval_BLEU_3': 0.2708409989590953, 'eval_BLEU_4': 0.21870354911064563, 'eval_ROUGE': 0.4969151275486109, 'eval_runtime': 65.0149, 'eval_samples_per_second': 7.983, 'eval_steps_per_second': 1.0, 'epoch': 68.0}
{'loss': 2.4528, 'learning_rate': 1.3750000000000002e-06, 'epoch': 69.0}
{'eval_loss': 3.8173983097076416, 'eval_BLEU_1': 0.47252628532411417, 'eval_BLEU_2': 0.3516635513159524, 'eval_BLEU_3': 0.2733976166175461, 'eval_BLEU_4': 0.2206623559804806, 'eval_ROUGE': 0.5023631148466594, 'eval_runtime': 65.2947, 'eval_samples_per_second': 7.949, 'eval_steps_per_second': 0.995, 'epoch': 69.0}
{'loss': 2.4513, 'learning_rate': 1.25e-06, 'epoch': 70.0}
{'eval_loss': 3.813894271850586, 'eval_BLEU_1': 0.46862182525849805, 'eval_BLEU_2': 0.34836948890220637, 'eval_BLEU_3': 0.2709759663021454, 'eval_BLEU_4': 0.21936256611182026, 'eval_ROUGE': 0.5006608343388466, 'eval_runtime': 65.1371, 'eval_samples_per_second': 7.968, 'eval_steps_per_second': 0.998, 'epoch': 70.0}
{'loss': 2.4497, 'learning_rate': 1.125e-06, 'epoch': 71.0}
{'eval_loss': 3.8148887157440186, 'eval_BLEU_1': 0.46705009591026864, 'eval_BLEU_2': 0.348024067056896, 'eval_BLEU_3': 0.2710587295550517, 'eval_BLEU_4': 0.2192133586929653, 'eval_ROUGE': 0.5005624881867001, 'eval_runtime': 64.9366, 'eval_samples_per_second': 7.992, 'eval_steps_per_second': 1.001, 'epoch': 71.0}
{'loss': 2.448, 'learning_rate': 1.0000000000000002e-06, 'epoch': 72.0}
{'eval_loss': 3.8244173526763916, 'eval_BLEU_1': 0.46617170975178684, 'eval_BLEU_2': 0.3474467471302037, 'eval_BLEU_3': 0.2713520625103779, 'eval_BLEU_4': 0.22056883639284405, 'eval_ROUGE': 0.4963450325728874, 'eval_runtime': 65.8328, 'eval_samples_per_second': 7.884, 'eval_steps_per_second': 0.987, 'epoch': 72.0}
{'loss': 2.4463, 'learning_rate': 8.75e-07, 'epoch': 73.0}
{'eval_loss': 3.815669298171997, 'eval_BLEU_1': 0.4687537206160407, 'eval_BLEU_2': 0.34877609272932325, 'eval_BLEU_3': 0.27156953803058226, 'eval_BLEU_4': 0.21936921803592863, 'eval_ROUGE': 0.5009481770406488, 'eval_runtime': 64.848, 'eval_samples_per_second': 8.003, 'eval_steps_per_second': 1.002, 'epoch': 73.0}
{'loss': 2.4453, 'learning_rate': 7.5e-07, 'epoch': 74.0}
{'eval_loss': 3.818647623062134, 'eval_BLEU_1': 0.47020662269208346, 'eval_BLEU_2': 0.35046291819186426, 'eval_BLEU_3': 0.2732423696020531, 'eval_BLEU_4': 0.221127976068353, 'eval_ROUGE': 0.5017540965144527, 'eval_runtime': 63.8881, 'eval_samples_per_second': 8.124, 'eval_steps_per_second': 1.017, 'epoch': 74.0}
{'loss': 2.4442, 'learning_rate': 6.25e-07, 'epoch': 75.0}
{'eval_loss': 3.8251442909240723, 'eval_BLEU_1': 0.4721749981816427, 'eval_BLEU_2': 0.3526241849905799, 'eval_BLEU_3': 0.2748152229435273, 'eval_BLEU_4': 0.22239595934004708, 'eval_ROUGE': 0.5017907079469421, 'eval_runtime': 63.9975, 'eval_samples_per_second': 8.11, 'eval_steps_per_second': 1.016, 'epoch': 75.0}
{'loss': 2.4426, 'learning_rate': 5.000000000000001e-07, 'epoch': 76.0}
{'eval_loss': 3.818028211593628, 'eval_BLEU_1': 0.47082217266275794, 'eval_BLEU_2': 0.3516448777406144, 'eval_BLEU_3': 0.27479524961218277, 'eval_BLEU_4': 0.2225967739047562, 'eval_ROUGE': 0.5036323045428299, 'eval_runtime': 63.6767, 'eval_samples_per_second': 8.151, 'eval_steps_per_second': 1.021, 'epoch': 76.0}
{'loss': 2.442, 'learning_rate': 3.75e-07, 'epoch': 77.0}
{'eval_loss': 3.8244965076446533, 'eval_BLEU_1': 0.4713818856915023, 'eval_BLEU_2': 0.35271257477698525, 'eval_BLEU_3': 0.2751910292791712, 'eval_BLEU_4': 0.22223863554249582, 'eval_ROUGE': 0.5020885436260945, 'eval_runtime': 64.0113, 'eval_samples_per_second': 8.108, 'eval_steps_per_second': 1.015, 'epoch': 77.0}
{'loss': 2.4413, 'learning_rate': 2.5000000000000004e-07, 'epoch': 78.0}
{'eval_loss': 3.8200693130493164, 'eval_BLEU_1': 0.47126513573684553, 'eval_BLEU_2': 0.35186996687997874, 'eval_BLEU_3': 0.27398237588679075, 'eval_BLEU_4': 0.2213910725649371, 'eval_ROUGE': 0.502591947397113, 'eval_runtime': 64.5252, 'eval_samples_per_second': 8.043, 'eval_steps_per_second': 1.007, 'epoch': 78.0}
{'loss': 2.4405, 'learning_rate': 1.2500000000000002e-07, 'epoch': 79.0}
{'eval_loss': 3.817362070083618, 'eval_BLEU_1': 0.47212818403033585, 'eval_BLEU_2': 0.35304998195619386, 'eval_BLEU_3': 0.2751625058978495, 'eval_BLEU_4': 0.22200358089321348, 'eval_ROUGE': 0.5025069824048707, 'eval_runtime': 64.0834, 'eval_samples_per_second': 8.099, 'eval_steps_per_second': 1.014, 'epoch': 79.0}
{'loss': 2.4402, 'learning_rate': 0.0, 'epoch': 80.0}
{'eval_loss': 3.8176076412200928, 'eval_BLEU_1': 0.4703798808812607, 'eval_BLEU_2': 0.3509022503451545, 'eval_BLEU_3': 0.2731010853661797, 'eval_BLEU_4': 0.22022282263588855, 'eval_ROUGE': 0.5004955369050037, 'eval_runtime': 63.898, 'eval_samples_per_second': 8.122, 'eval_steps_per_second': 1.017, 'epoch': 80.0}
{'train_runtime': 14822.2349, 'train_samples_per_second': 38.299, 'train_steps_per_second': 4.787, 'train_loss': 2.86944548769223, 'epoch': 80.0}

Evaluation on Eval:

{'eval_loss': 3.8176076412200928, 'eval_BLEU_1': 0.4703798808812607, 'eval_BLEU_2': 0.3509022503451545, 'eval_BLEU_3': 0.2731010853661797, 'eval_BLEU_4': 0.22022282263588855, 'eval_ROUGE': 0.5004955369050037, 'eval_runtime': 63.9754, 'eval_samples_per_second': 8.112, 'eval_steps_per_second': 1.016, 'epoch': 80.0}

Evaluation on Test:


Baseline:
{'BLEU_1': 0.13847602688736504, 'BLEU_2': 0.05886910956282209, 'BLEU_3': 0.028131867306238015, 'BLEU_4': 0.016003742139256854, 'ROUGE': 0.21818542604513852}

Model:
{'eval_loss': 3.783332347869873, 'eval_BLEU_1': 0.4496346014339754, 'eval_BLEU_2': 0.33657567672181343, 'eval_BLEU_3': 0.2602836877420447, 'eval_BLEU_4': 0.20914952282782864, 'eval_ROUGE': 0.4754088906238437, 'eval_runtime': 76.4768, 'eval_samples_per_second': 8.395, 'eval_steps_per_second': 1.059, 'epoch': 80.0}

 Saving Trainer State
